0 info it worked if it ends with ok
1 verbose cli [ '/usr/bin/node', '/usr/bin/npm', 'i' ]
2 info using npm@3.5.2
3 info using node@v8.10.0
4 silly loadCurrentTree Starting
5 silly install loadCurrentTree
6 silly install readLocalPackageData
7 silly install normalizeTree
8 silly loadCurrentTree Finishing
9 silly loadIdealTree Starting
10 silly install loadIdealTree
11 silly cloneCurrentTree Starting
12 silly install cloneCurrentTreeToIdealTree
13 silly cloneCurrentTree Finishing
14 silly loadShrinkwrap Starting
15 silly install loadShrinkwrap
16 silly loadShrinkwrap Finishing
17 silly loadAllDepsIntoIdealTree Starting
18 silly install loadAllDepsIntoIdealTree
19 silly fetchNamedPackageData pug
20 silly mapToRegistry name pug
21 silly mapToRegistry using default registry
22 silly mapToRegistry registry https://registry.npmjs.org/
23 silly mapToRegistry uri https://registry.npmjs.org/pug
24 verbose request uri https://registry.npmjs.org/pug
25 verbose request no auth needed
26 info attempt registry request try #1 at 3:38:43 PM
27 verbose request id f1df438def123766
28 verbose etag W/"27a4f93c7ece4591502eaaa3a9e27775"
29 verbose lastModified Tue, 18 Jun 2019 09:45:17 GMT
30 http request GET https://registry.npmjs.org/pug
31 http 304 https://registry.npmjs.org/pug
32 verbose headers { date: 'Sat, 06 Jul 2019 13:38:44 GMT',
32 verbose headers   connection: 'keep-alive',
32 verbose headers   'set-cookie':
32 verbose headers    [ '__cfduid=dfc4c6e56d39364b059d03834fe40031b1562420324; expires=Sun, 05-Jul-20 13:38:44 GMT; path=/; domain=.npmjs.org; HttpOnly' ],
32 verbose headers   'cf-cache-status': 'HIT',
32 verbose headers   'cache-control': 'max-age=300',
32 verbose headers   'cf-ray': '4f21fb128ccabef6-FRA',
32 verbose headers   age: '2231',
32 verbose headers   etag: '"27a4f93c7ece4591502eaaa3a9e27775"',
32 verbose headers   'expect-ct': 'max-age=604800, report-uri="https://report-uri.cloudflare.com/cdn-cgi/beacon/expect-ct"',
32 verbose headers   'last-modified': 'Tue, 18 Jun 2019 09:45:17 GMT',
32 verbose headers   vary: 'accept-encoding, accept',
32 verbose headers   'x-amz-meta-rev': '261-773f9a363ff87bc5ffdf1fb78d3e0995',
32 verbose headers   server: 'cloudflare' }
33 silly get cb [ 304,
33 silly get   { date: 'Sat, 06 Jul 2019 13:38:44 GMT',
33 silly get     connection: 'keep-alive',
33 silly get     'set-cookie':
33 silly get      [ '__cfduid=dfc4c6e56d39364b059d03834fe40031b1562420324; expires=Sun, 05-Jul-20 13:38:44 GMT; path=/; domain=.npmjs.org; HttpOnly' ],
33 silly get     'cf-cache-status': 'HIT',
33 silly get     'cache-control': 'max-age=300',
33 silly get     'cf-ray': '4f21fb128ccabef6-FRA',
33 silly get     age: '2231',
33 silly get     etag: '"27a4f93c7ece4591502eaaa3a9e27775"',
33 silly get     'expect-ct': 'max-age=604800, report-uri="https://report-uri.cloudflare.com/cdn-cgi/beacon/expect-ct"',
33 silly get     'last-modified': 'Tue, 18 Jun 2019 09:45:17 GMT',
33 silly get     vary: 'accept-encoding, accept',
33 silly get     'x-amz-meta-rev': '261-773f9a363ff87bc5ffdf1fb78d3e0995',
33 silly get     server: 'cloudflare' } ]
34 verbose etag https://registry.npmjs.org/pug from cache
35 verbose get saving pug to /home/david/.npm/registry.npmjs.org/pug/.cache.json
36 silly resolveWithNewModule pug@2.0.0-beta11 checking installable status
37 silly cache add args [ 'pug@2.0.0-beta11', null ]
38 verbose cache add spec pug@2.0.0-beta11
39 silly cache add parsed spec Result {
39 silly cache add   raw: 'pug@2.0.0-beta11',
39 silly cache add   scope: null,
39 silly cache add   name: 'pug',
39 silly cache add   rawSpec: '2.0.0-beta11',
39 silly cache add   spec: '2.0.0-beta11',
39 silly cache add   type: 'version' }
40 silly addNamed pug@2.0.0-beta11
41 verbose addNamed "2.0.0-beta11" is a plain semver version for pug
42 silly mapToRegistry name pug
43 silly mapToRegistry using default registry
44 silly mapToRegistry registry https://registry.npmjs.org/
45 silly mapToRegistry uri https://registry.npmjs.org/pug
46 verbose addNameVersion registry:https://registry.npmjs.org/pug not in flight; fetching
47 verbose get https://registry.npmjs.org/pug not expired, no request
48 silly cache afterAdd pug@2.0.0-beta11
49 verbose afterAdd /home/david/.npm/pug/2.0.0-beta11/package/package.json not in flight; writing
50 verbose afterAdd /home/david/.npm/pug/2.0.0-beta11/package/package.json written
51 silly fetchNamedPackageData pug-code-gen
52 silly mapToRegistry name pug-code-gen
53 silly mapToRegistry using default registry
54 silly mapToRegistry registry https://registry.npmjs.org/
55 silly mapToRegistry uri https://registry.npmjs.org/pug-code-gen
56 verbose request uri https://registry.npmjs.org/pug-code-gen
57 verbose request no auth needed
58 info attempt registry request try #1 at 3:38:45 PM
59 verbose etag W/"19173e349b98eb68b9903fbd582c54f9"
60 verbose lastModified Tue, 18 Jun 2019 09:45:13 GMT
61 http request GET https://registry.npmjs.org/pug-code-gen
62 http 304 https://registry.npmjs.org/pug-code-gen
63 verbose headers { date: 'Sat, 06 Jul 2019 13:38:45 GMT',
63 verbose headers   connection: 'keep-alive',
63 verbose headers   'set-cookie':
63 verbose headers    [ '__cfduid=dd32ab41f23a148c8c537450b72a7507c1562420325; expires=Sun, 05-Jul-20 13:38:45 GMT; path=/; domain=.npmjs.org; HttpOnly' ],
63 verbose headers   'cf-cache-status': 'HIT',
63 verbose headers   'cache-control': 'max-age=300',
63 verbose headers   'cf-ray': '4f21fb1ae8efbef6-FRA',
63 verbose headers   age: '279',
63 verbose headers   etag: '"19173e349b98eb68b9903fbd582c54f9"',
63 verbose headers   'expect-ct': 'max-age=604800, report-uri="https://report-uri.cloudflare.com/cdn-cgi/beacon/expect-ct"',
63 verbose headers   'last-modified': 'Tue, 18 Jun 2019 09:45:13 GMT',
63 verbose headers   vary: 'accept-encoding, accept',
63 verbose headers   'x-amz-meta-rev': '17-cc4727a0463f73e564d8d5eaeb84bcdd',
63 verbose headers   server: 'cloudflare' }
64 silly get cb [ 304,
64 silly get   { date: 'Sat, 06 Jul 2019 13:38:45 GMT',
64 silly get     connection: 'keep-alive',
64 silly get     'set-cookie':
64 silly get      [ '__cfduid=dd32ab41f23a148c8c537450b72a7507c1562420325; expires=Sun, 05-Jul-20 13:38:45 GMT; path=/; domain=.npmjs.org; HttpOnly' ],
64 silly get     'cf-cache-status': 'HIT',
64 silly get     'cache-control': 'max-age=300',
64 silly get     'cf-ray': '4f21fb1ae8efbef6-FRA',
64 silly get     age: '279',
64 silly get     etag: '"19173e349b98eb68b9903fbd582c54f9"',
64 silly get     'expect-ct': 'max-age=604800, report-uri="https://report-uri.cloudflare.com/cdn-cgi/beacon/expect-ct"',
64 silly get     'last-modified': 'Tue, 18 Jun 2019 09:45:13 GMT',
64 silly get     vary: 'accept-encoding, accept',
64 silly get     'x-amz-meta-rev': '17-cc4727a0463f73e564d8d5eaeb84bcdd',
64 silly get     server: 'cloudflare' } ]
65 verbose etag https://registry.npmjs.org/pug-code-gen from cache
66 verbose get saving pug-code-gen to /home/david/.npm/registry.npmjs.org/pug-code-gen/.cache.json
67 silly resolveWithNewModule pug-code-gen@1.1.1 checking installable status
68 silly cache add args [ 'pug-code-gen@^1.1.1', null ]
69 verbose cache add spec pug-code-gen@^1.1.1
70 silly cache add parsed spec Result {
70 silly cache add   raw: 'pug-code-gen@^1.1.1',
70 silly cache add   scope: null,
70 silly cache add   name: 'pug-code-gen',
70 silly cache add   rawSpec: '^1.1.1',
70 silly cache add   spec: '>=1.1.1 <2.0.0',
70 silly cache add   type: 'range' }
71 silly addNamed pug-code-gen@>=1.1.1 <2.0.0
72 verbose addNamed ">=1.1.1 <2.0.0" is a valid semver range for pug-code-gen
73 silly addNameRange { name: 'pug-code-gen', range: '>=1.1.1 <2.0.0', hasData: false }
74 silly mapToRegistry name pug-code-gen
75 silly mapToRegistry using default registry
76 silly mapToRegistry registry https://registry.npmjs.org/
77 silly mapToRegistry uri https://registry.npmjs.org/pug-code-gen
78 verbose addNameRange registry:https://registry.npmjs.org/pug-code-gen not in flight; fetching
79 verbose get https://registry.npmjs.org/pug-code-gen not expired, no request
80 silly addNameRange number 2 { name: 'pug-code-gen', range: '>=1.1.1 <2.0.0', hasData: true }
81 silly addNameRange versions [ 'pug-code-gen',
81 silly addNameRange   [ '0.0.0',
81 silly addNameRange     '0.0.5',
81 silly addNameRange     '0.0.6',
81 silly addNameRange     '0.0.7',
81 silly addNameRange     '1.0.0',
81 silly addNameRange     '1.0.1',
81 silly addNameRange     '1.1.0',
81 silly addNameRange     '1.1.1',
81 silly addNameRange     '2.0.0',
81 silly addNameRange     '2.0.1',
81 silly addNameRange     '2.0.2' ] ]
82 silly addNamed pug-code-gen@1.1.1
83 verbose addNamed "1.1.1" is a plain semver version for pug-code-gen
84 silly cache afterAdd pug-code-gen@1.1.1
85 verbose afterAdd /home/david/.npm/pug-code-gen/1.1.1/package/package.json not in flight; writing
86 verbose afterAdd /home/david/.npm/pug-code-gen/1.1.1/package/package.json written
87 silly fetchNamedPackageData with
88 silly mapToRegistry name with
89 silly mapToRegistry using default registry
90 silly mapToRegistry registry https://registry.npmjs.org/
91 silly mapToRegistry uri https://registry.npmjs.org/with
92 verbose request uri https://registry.npmjs.org/with
93 verbose request no auth needed
94 info attempt registry request try #1 at 3:38:45 PM
95 verbose etag W/"2bd07aa9f282de5ef70c6fdbef54983c"
96 verbose lastModified Fri, 01 Jun 2018 16:04:50 GMT
97 http request GET https://registry.npmjs.org/with
98 http 304 https://registry.npmjs.org/with
99 verbose headers { date: 'Sat, 06 Jul 2019 13:38:45 GMT',
99 verbose headers   connection: 'keep-alive',
99 verbose headers   'set-cookie':
99 verbose headers    [ '__cfduid=dd32ab41f23a148c8c537450b72a7507c1562420325; expires=Sun, 05-Jul-20 13:38:45 GMT; path=/; domain=.npmjs.org; HttpOnly' ],
99 verbose headers   'cf-cache-status': 'HIT',
99 verbose headers   'cache-control': 'max-age=300',
99 verbose headers   'cf-ray': '4f21fb1c5ad6bef6-FRA',
99 verbose headers   age: '4092',
99 verbose headers   etag: '"2bd07aa9f282de5ef70c6fdbef54983c"',
99 verbose headers   'expect-ct': 'max-age=604800, report-uri="https://report-uri.cloudflare.com/cdn-cgi/beacon/expect-ct"',
99 verbose headers   'last-modified': 'Fri, 01 Jun 2018 16:04:50 GMT',
99 verbose headers   vary: 'accept-encoding, accept',
99 verbose headers   server: 'cloudflare' }
100 silly get cb [ 304,
100 silly get   { date: 'Sat, 06 Jul 2019 13:38:45 GMT',
100 silly get     connection: 'keep-alive',
100 silly get     'set-cookie':
100 silly get      [ '__cfduid=dd32ab41f23a148c8c537450b72a7507c1562420325; expires=Sun, 05-Jul-20 13:38:45 GMT; path=/; domain=.npmjs.org; HttpOnly' ],
100 silly get     'cf-cache-status': 'HIT',
100 silly get     'cache-control': 'max-age=300',
100 silly get     'cf-ray': '4f21fb1c5ad6bef6-FRA',
100 silly get     age: '4092',
100 silly get     etag: '"2bd07aa9f282de5ef70c6fdbef54983c"',
100 silly get     'expect-ct': 'max-age=604800, report-uri="https://report-uri.cloudflare.com/cdn-cgi/beacon/expect-ct"',
100 silly get     'last-modified': 'Fri, 01 Jun 2018 16:04:50 GMT',
100 silly get     vary: 'accept-encoding, accept',
100 silly get     server: 'cloudflare' } ]
101 verbose etag https://registry.npmjs.org/with from cache
102 verbose get saving with to /home/david/.npm/registry.npmjs.org/with/.cache.json
103 silly resolveWithNewModule with@5.1.1 checking installable status
104 silly cache add args [ 'with@^5.0.0', null ]
105 verbose cache add spec with@^5.0.0
106 silly cache add parsed spec Result {
106 silly cache add   raw: 'with@^5.0.0',
106 silly cache add   scope: null,
106 silly cache add   name: 'with',
106 silly cache add   rawSpec: '^5.0.0',
106 silly cache add   spec: '>=5.0.0 <6.0.0',
106 silly cache add   type: 'range' }
107 silly addNamed with@>=5.0.0 <6.0.0
108 verbose addNamed ">=5.0.0 <6.0.0" is a valid semver range for with
109 silly addNameRange { name: 'with', range: '>=5.0.0 <6.0.0', hasData: false }
110 silly mapToRegistry name with
111 silly mapToRegistry using default registry
112 silly mapToRegistry registry https://registry.npmjs.org/
113 silly mapToRegistry uri https://registry.npmjs.org/with
114 verbose addNameRange registry:https://registry.npmjs.org/with not in flight; fetching
115 verbose get https://registry.npmjs.org/with not expired, no request
116 silly addNameRange number 2 { name: 'with', range: '>=5.0.0 <6.0.0', hasData: true }
117 silly addNameRange versions [ 'with',
117 silly addNameRange   [ '1.0.0',
117 silly addNameRange     '1.0.1',
117 silly addNameRange     '1.0.2',
117 silly addNameRange     '1.0.3',
117 silly addNameRange     '1.0.4',
117 silly addNameRange     '1.1.0',
117 silly addNameRange     '1.1.1',
117 silly addNameRange     '2.0.0',
117 silly addNameRange     '3.0.0',
117 silly addNameRange     '3.0.1',
117 silly addNameRange     '4.0.0',
117 silly addNameRange     '4.0.1',
117 silly addNameRange     '4.0.2',
117 silly addNameRange     '4.0.3',
117 silly addNameRange     '5.0.0',
117 silly addNameRange     '5.0.1',
117 silly addNameRange     '5.0.2',
117 silly addNameRange     '5.1.0',
117 silly addNameRange     '5.1.1',
117 silly addNameRange     '6.0.0' ] ]
118 silly addNamed with@5.1.1
119 verbose addNamed "5.1.1" is a plain semver version for with
120 silly cache afterAdd with@5.1.1
121 verbose afterAdd /home/david/.npm/with/5.1.1/package/package.json not in flight; writing
122 verbose afterAdd /home/david/.npm/with/5.1.1/package/package.json written
123 silly fetchNamedPackageData acorn
124 silly mapToRegistry name acorn
125 silly mapToRegistry using default registry
126 silly mapToRegistry registry https://registry.npmjs.org/
127 silly mapToRegistry uri https://registry.npmjs.org/acorn
128 verbose request uri https://registry.npmjs.org/acorn
129 verbose request no auth needed
130 info attempt registry request try #1 at 3:38:46 PM
131 verbose etag W/"1805eea2fc1fa9f6a547297dff14bea7"
132 verbose lastModified Thu, 04 Jul 2019 06:18:09 GMT
133 http request GET https://registry.npmjs.org/acorn
134 http 304 https://registry.npmjs.org/acorn
135 verbose headers { date: 'Sat, 06 Jul 2019 13:38:46 GMT',
135 verbose headers   connection: 'keep-alive',
135 verbose headers   'set-cookie':
135 verbose headers    [ '__cfduid=d9a96420a31f78946968cb147ea4f92b81562420326; expires=Sun, 05-Jul-20 13:38:46 GMT; path=/; domain=.npmjs.org; HttpOnly' ],
135 verbose headers   'cf-cache-status': 'HIT',
135 verbose headers   'cache-control': 'max-age=300',
135 verbose headers   'cf-ray': '4f21fb1e3e15bef6-FRA',
135 verbose headers   age: '4293',
135 verbose headers   etag: '"1805eea2fc1fa9f6a547297dff14bea7"',
135 verbose headers   'expect-ct': 'max-age=604800, report-uri="https://report-uri.cloudflare.com/cdn-cgi/beacon/expect-ct"',
135 verbose headers   'last-modified': 'Thu, 04 Jul 2019 06:18:09 GMT',
135 verbose headers   vary: 'accept-encoding, accept',
135 verbose headers   'x-amz-meta-rev': '161-56d2279b00205da9ae8ad532e4f3ad29',
135 verbose headers   server: 'cloudflare' }
136 silly get cb [ 304,
136 silly get   { date: 'Sat, 06 Jul 2019 13:38:46 GMT',
136 silly get     connection: 'keep-alive',
136 silly get     'set-cookie':
136 silly get      [ '__cfduid=d9a96420a31f78946968cb147ea4f92b81562420326; expires=Sun, 05-Jul-20 13:38:46 GMT; path=/; domain=.npmjs.org; HttpOnly' ],
136 silly get     'cf-cache-status': 'HIT',
136 silly get     'cache-control': 'max-age=300',
136 silly get     'cf-ray': '4f21fb1e3e15bef6-FRA',
136 silly get     age: '4293',
136 silly get     etag: '"1805eea2fc1fa9f6a547297dff14bea7"',
136 silly get     'expect-ct': 'max-age=604800, report-uri="https://report-uri.cloudflare.com/cdn-cgi/beacon/expect-ct"',
136 silly get     'last-modified': 'Thu, 04 Jul 2019 06:18:09 GMT',
136 silly get     vary: 'accept-encoding, accept',
136 silly get     'x-amz-meta-rev': '161-56d2279b00205da9ae8ad532e4f3ad29',
136 silly get     server: 'cloudflare' } ]
137 verbose etag https://registry.npmjs.org/acorn from cache
138 verbose get saving acorn to /home/david/.npm/registry.npmjs.org/acorn/.cache.json
139 silly resolveWithNewModule acorn@3.3.0 checking installable status
140 silly cache add args [ 'acorn@^3.1.0', null ]
141 verbose cache add spec acorn@^3.1.0
142 silly cache add parsed spec Result {
142 silly cache add   raw: 'acorn@^3.1.0',
142 silly cache add   scope: null,
142 silly cache add   name: 'acorn',
142 silly cache add   rawSpec: '^3.1.0',
142 silly cache add   spec: '>=3.1.0 <4.0.0',
142 silly cache add   type: 'range' }
143 silly addNamed acorn@>=3.1.0 <4.0.0
144 verbose addNamed ">=3.1.0 <4.0.0" is a valid semver range for acorn
145 silly addNameRange { name: 'acorn', range: '>=3.1.0 <4.0.0', hasData: false }
146 silly mapToRegistry name acorn
147 silly mapToRegistry using default registry
148 silly mapToRegistry registry https://registry.npmjs.org/
149 silly mapToRegistry uri https://registry.npmjs.org/acorn
150 verbose addNameRange registry:https://registry.npmjs.org/acorn not in flight; fetching
151 verbose get https://registry.npmjs.org/acorn not expired, no request
152 silly addNameRange number 2 { name: 'acorn', range: '>=3.1.0 <4.0.0', hasData: true }
153 silly addNameRange versions [ 'acorn',
153 silly addNameRange   [ '0.0.1',
153 silly addNameRange     '0.1.0',
153 silly addNameRange     '0.2.0',
153 silly addNameRange     '0.3.0',
153 silly addNameRange     '0.3.1',
153 silly addNameRange     '0.4.0',
153 silly addNameRange     '0.4.2',
153 silly addNameRange     '0.5.0',
153 silly addNameRange     '0.6.0',
153 silly addNameRange     '0.7.0',
153 silly addNameRange     '0.8.0',
153 silly addNameRange     '0.9.0',
153 silly addNameRange     '0.10.0',
153 silly addNameRange     '0.11.0',
153 silly addNameRange     '0.12.0',
153 silly addNameRange     '1.0.0',
153 silly addNameRange     '1.0.1',
153 silly addNameRange     '1.0.3',
153 silly addNameRange     '1.1.0',
153 silly addNameRange     '1.2.0',
153 silly addNameRange     '2.0.0',
153 silly addNameRange     '1.2.1',
153 silly addNameRange     '2.0.1',
153 silly addNameRange     '1.2.2',
153 silly addNameRange     '2.0.4',
153 silly addNameRange     '2.1.0',
153 silly addNameRange     '2.2.0',
153 silly addNameRange     '2.3.0',
153 silly addNameRange     '2.4.0',
153 silly addNameRange     '2.5.0',
153 silly addNameRange     '2.5.2',
153 silly addNameRange     '2.6.0',
153 silly addNameRange     '2.6.2',
153 silly addNameRange     '2.6.4',
153 silly addNameRange     '2.7.0',
153 silly addNameRange     '3.0.0',
153 silly addNameRange     '3.0.2',
153 silly addNameRange     '3.0.4',
153 silly addNameRange     '3.1.0',
153 silly addNameRange     '3.2.0',
153 silly addNameRange     '3.3.0',
153 silly addNameRange     '4.0.0',
153 silly addNameRange     '4.0.1',
153 silly addNameRange     '4.0.2',
153 silly addNameRange     '4.0.3',
153 silly addNameRange     '4.0.4',
153 silly addNameRange     '4.0.5',
153 silly addNameRange     '4.0.6',
153 silly addNameRange     '4.0.7',
153 silly addNameRange     '4.0.8',
153 silly addNameRange     '4.0.9',
153 silly addNameRange     '4.0.10',
153 silly addNameRange     '4.0.11',
153 silly addNameRange     '5.0.0',
153 silly addNameRange     '5.0.1',
153 silly addNameRange     '5.0.2',
153 silly addNameRange     '5.0.3',
153 silly addNameRange     '4.0.13',
153 silly addNameRange     '5.1.0',
153 silly addNameRange     '5.1.1',
153 silly addNameRange     '5.1.2',
153 silly addNameRange     '5.2.0',
153 silly addNameRange     '5.2.1',
153 silly addNameRange     '5.3.0',
153 silly addNameRange     '5.4.0',
153 silly addNameRange     '5.4.1',
153 silly addNameRange     '5.5.0',
153 silly addNameRange     '5.5.1',
153 silly addNameRange     '5.5.2',
153 silly addNameRange     '5.5.3',
153 silly addNameRange     '5.6.0',
153 silly addNameRange     '5.6.1',
153 silly addNameRange     '5.6.2',
153 silly addNameRange     '5.7.0',
153 silly addNameRange     '5.7.1',
153 silly addNameRange     '5.7.2',
153 silly addNameRange     '5.7.3',
153 silly addNameRange     '6.0.0',
153 silly addNameRange     '6.0.1',
153 silly addNameRange     '6.0.2',
153 silly addNameRange     '6.0.3',
153 silly addNameRange     '6.0.4',
153 silly addNameRange     '6.0.5',
153 silly addNameRange     '6.0.6',
153 silly addNameRange     '6.0.7',
153 silly addNameRange     '6.1.0',
153 silly addNameRange     '6.1.1',
153 silly addNameRange     '6.2.0' ] ]
154 silly addNamed acorn@3.3.0
155 verbose addNamed "3.3.0" is a plain semver version for acorn
156 silly cache afterAdd acorn@3.3.0
157 verbose afterAdd /home/david/.npm/acorn/3.3.0/package/package.json not in flight; writing
158 verbose afterAdd /home/david/.npm/acorn/3.3.0/package/package.json written
159 silly loadAllDepsIntoIdealTree Finishing
160 silly idealTree:prePrune handler-dispatcher-app@0.0.0
160 silly idealTree:prePrune ├── @types/babel-types@7.0.7
160 silly idealTree:prePrune ├── @types/babylon@6.16.5
160 silly idealTree:prePrune ├── accepts@1.3.7
160 silly idealTree:prePrune ├─┬ acorn-globals@3.1.0
160 silly idealTree:prePrune │ └── acorn@4.0.13
160 silly idealTree:prePrune ├── acorn@3.3.0
160 silly idealTree:prePrune ├── ajv@6.10.0
160 silly idealTree:prePrune ├── align-text@0.1.4
160 silly idealTree:prePrune ├── amdefine@1.0.1
160 silly idealTree:prePrune ├── array-flatten@1.1.1
160 silly idealTree:prePrune ├── asap@2.0.6
160 silly idealTree:prePrune ├── asn1@0.2.4
160 silly idealTree:prePrune ├── assert-plus@1.0.0
160 silly idealTree:prePrune ├── asynckit@0.4.0
160 silly idealTree:prePrune ├── aws-sign2@0.7.0
160 silly idealTree:prePrune ├── aws4@1.8.0
160 silly idealTree:prePrune ├── babel-runtime@6.26.0
160 silly idealTree:prePrune ├── babel-types@6.26.0
160 silly idealTree:prePrune ├── babylon@6.18.0
160 silly idealTree:prePrune ├─┬ basic-auth@2.0.1
160 silly idealTree:prePrune │ └── safe-buffer@5.1.2
160 silly idealTree:prePrune ├── bcrypt-pbkdf@1.0.2
160 silly idealTree:prePrune ├── bitly@6.1.0
160 silly idealTree:prePrune ├── bluebird@3.5.5
160 silly idealTree:prePrune ├── body-parser@1.18.3
160 silly idealTree:prePrune ├── bytes@3.0.0
160 silly idealTree:prePrune ├── camelcase@1.2.1
160 silly idealTree:prePrune ├── caseless@0.12.0
160 silly idealTree:prePrune ├── center-align@0.1.3
160 silly idealTree:prePrune ├── character-parser@2.2.0
160 silly idealTree:prePrune ├── clean-css@3.4.28
160 silly idealTree:prePrune ├── cliui@2.1.0
160 silly idealTree:prePrune ├── combined-stream@1.0.8
160 silly idealTree:prePrune ├── commander@2.8.1
160 silly idealTree:prePrune ├── constantinople@3.1.2
160 silly idealTree:prePrune ├── content-disposition@0.5.2
160 silly idealTree:prePrune ├── content-type@1.0.4
160 silly idealTree:prePrune ├── cookie-parser@1.4.4
160 silly idealTree:prePrune ├── cookie-signature@1.0.6
160 silly idealTree:prePrune ├── cookie@0.3.1
160 silly idealTree:prePrune ├── core-js@2.6.9
160 silly idealTree:prePrune ├── core-util-is@1.0.2
160 silly idealTree:prePrune ├── dashdash@1.14.1
160 silly idealTree:prePrune ├── debug@2.6.9
160 silly idealTree:prePrune ├── decamelize@1.2.0
160 silly idealTree:prePrune ├── deep-extend@0.5.1
160 silly idealTree:prePrune ├── delayed-stream@1.0.0
160 silly idealTree:prePrune ├── depd@1.1.2
160 silly idealTree:prePrune ├── destroy@1.0.4
160 silly idealTree:prePrune ├── doctypes@1.1.0
160 silly idealTree:prePrune ├── ecc-jsbn@0.1.2
160 silly idealTree:prePrune ├── ee-first@1.1.1
160 silly idealTree:prePrune ├── encodeurl@1.0.2
160 silly idealTree:prePrune ├── escape-html@1.0.3
160 silly idealTree:prePrune ├── esutils@2.0.2
160 silly idealTree:prePrune ├── etag@1.8.1
160 silly idealTree:prePrune ├─┬ express@4.16.4
160 silly idealTree:prePrune │ └── safe-buffer@5.1.2
160 silly idealTree:prePrune ├── extend@3.0.2
160 silly idealTree:prePrune ├── extsprintf@1.3.0
160 silly idealTree:prePrune ├── fast-deep-equal@2.0.1
160 silly idealTree:prePrune ├── fast-json-stable-stringify@2.0.0
160 silly idealTree:prePrune ├── finalhandler@1.1.1
160 silly idealTree:prePrune ├── forever-agent@0.6.1
160 silly idealTree:prePrune ├── form-data@2.3.3
160 silly idealTree:prePrune ├── forwarded@0.1.2
160 silly idealTree:prePrune ├── fresh@0.5.2
160 silly idealTree:prePrune ├── function-bind@1.1.1
160 silly idealTree:prePrune ├── getpass@0.1.7
160 silly idealTree:prePrune ├── graceful-readlink@1.0.1
160 silly idealTree:prePrune ├── har-schema@2.0.0
160 silly idealTree:prePrune ├── har-validator@5.1.3
160 silly idealTree:prePrune ├── has@1.0.3
160 silly idealTree:prePrune ├── http-errors@1.6.3
160 silly idealTree:prePrune ├── http-signature@1.2.0
160 silly idealTree:prePrune ├── iconv-lite@0.4.23
160 silly idealTree:prePrune ├── inherits@2.0.3
160 silly idealTree:prePrune ├── ipaddr.js@1.9.0
160 silly idealTree:prePrune ├── is-buffer@1.1.6
160 silly idealTree:prePrune ├─┬ is-expression@3.0.0
160 silly idealTree:prePrune │ └── acorn@4.0.13
160 silly idealTree:prePrune ├── is-promise@2.1.0
160 silly idealTree:prePrune ├── is-regex@1.0.4
160 silly idealTree:prePrune ├── is-typedarray@1.0.0
160 silly idealTree:prePrune ├── isstream@0.1.2
160 silly idealTree:prePrune ├── js-stringify@1.0.2
160 silly idealTree:prePrune ├── jsbn@0.1.1
160 silly idealTree:prePrune ├── json-schema-traverse@0.4.1
160 silly idealTree:prePrune ├── json-schema@0.2.3
160 silly idealTree:prePrune ├── json-stringify-safe@5.0.1
160 silly idealTree:prePrune ├── jsprim@1.4.1
160 silly idealTree:prePrune ├── jstransformer@1.0.0
160 silly idealTree:prePrune ├── kind-of@3.2.2
160 silly idealTree:prePrune ├── lazy-cache@1.0.4
160 silly idealTree:prePrune ├── lodash@4.17.11
160 silly idealTree:prePrune ├── longest@1.0.1
160 silly idealTree:prePrune ├── media-typer@0.3.0
160 silly idealTree:prePrune ├── merge-descriptors@1.0.1
160 silly idealTree:prePrune ├── methods@1.1.2
160 silly idealTree:prePrune ├── mime-db@1.40.0
160 silly idealTree:prePrune ├── mime-types@2.1.24
160 silly idealTree:prePrune ├── mime@1.4.1
160 silly idealTree:prePrune ├── morgan@1.9.1
160 silly idealTree:prePrune ├── ms@2.0.0
160 silly idealTree:prePrune ├── negotiator@0.6.2
160 silly idealTree:prePrune ├── oauth-sign@0.9.0
160 silly idealTree:prePrune ├── object-assign@4.1.1
160 silly idealTree:prePrune ├── on-finished@2.3.0
160 silly idealTree:prePrune ├── on-headers@1.0.2
160 silly idealTree:prePrune ├── parseurl@1.3.3
160 silly idealTree:prePrune ├── path-parse@1.0.6
160 silly idealTree:prePrune ├── path-to-regexp@0.1.7
160 silly idealTree:prePrune ├── performance-now@2.1.0
160 silly idealTree:prePrune ├── promise@7.3.1
160 silly idealTree:prePrune ├── proxy-addr@2.0.5
160 silly idealTree:prePrune ├── psl@1.2.0
160 silly idealTree:prePrune ├── pug-attrs@2.0.4
160 silly idealTree:prePrune ├── pug-code-gen@1.1.1
160 silly idealTree:prePrune ├── pug-error@1.3.3
160 silly idealTree:prePrune ├── pug-filters@2.1.5
160 silly idealTree:prePrune ├── pug-lexer@3.1.0
160 silly idealTree:prePrune ├── pug-linker@2.0.3
160 silly idealTree:prePrune ├── pug-load@2.0.12
160 silly idealTree:prePrune ├── pug-parser@2.0.2
160 silly idealTree:prePrune ├── pug-runtime@2.0.5
160 silly idealTree:prePrune ├── pug-strip-comments@1.0.4
160 silly idealTree:prePrune ├── pug-walk@1.1.8
160 silly idealTree:prePrune ├── pug@2.0.0-beta11
160 silly idealTree:prePrune ├── punycode@2.1.1
160 silly idealTree:prePrune ├── qs@6.5.2
160 silly idealTree:prePrune ├── range-parser@1.2.1
160 silly idealTree:prePrune ├── raw-body@2.3.3
160 silly idealTree:prePrune ├── regenerator-runtime@0.11.1
160 silly idealTree:prePrune ├── repeat-string@1.6.1
160 silly idealTree:prePrune ├── request-promise-core@1.1.2
160 silly idealTree:prePrune ├── request-promise@4.2.4
160 silly idealTree:prePrune ├── request@2.88.0
160 silly idealTree:prePrune ├── resolve@1.11.1
160 silly idealTree:prePrune ├── right-align@0.1.3
160 silly idealTree:prePrune ├── safe-buffer@5.2.0
160 silly idealTree:prePrune ├── safer-buffer@2.1.2
160 silly idealTree:prePrune ├── send@0.16.2
160 silly idealTree:prePrune ├── serve-static@1.13.2
160 silly idealTree:prePrune ├── setprototypeof@1.1.0
160 silly idealTree:prePrune ├── source-map@0.4.4
160 silly idealTree:prePrune ├── sshpk@1.16.1
160 silly idealTree:prePrune ├── statuses@1.4.0
160 silly idealTree:prePrune ├── stealthy-require@1.1.1
160 silly idealTree:prePrune ├── to-fast-properties@1.0.3
160 silly idealTree:prePrune ├── token-stream@0.0.1
160 silly idealTree:prePrune ├─┬ tough-cookie@2.4.3
160 silly idealTree:prePrune │ └── punycode@1.4.1
160 silly idealTree:prePrune ├── tunnel-agent@0.6.0
160 silly idealTree:prePrune ├── tweetnacl@0.14.5
160 silly idealTree:prePrune ├── twitter@1.7.1
160 silly idealTree:prePrune ├── type-is@1.6.18
160 silly idealTree:prePrune ├─┬ uglify-js@2.8.29
160 silly idealTree:prePrune │ └── source-map@0.5.7
160 silly idealTree:prePrune ├── uglify-to-browserify@1.0.2
160 silly idealTree:prePrune ├── unpipe@1.0.0
160 silly idealTree:prePrune ├── uri-js@4.2.2
160 silly idealTree:prePrune ├── utils-merge@1.0.1
160 silly idealTree:prePrune ├── uuid@3.3.2
160 silly idealTree:prePrune ├── valid-url@1.0.9
160 silly idealTree:prePrune ├── vary@1.1.2
160 silly idealTree:prePrune ├── verror@1.10.0
160 silly idealTree:prePrune ├── void-elements@2.0.1
160 silly idealTree:prePrune ├── window-size@0.1.0
160 silly idealTree:prePrune ├── with@5.1.1
160 silly idealTree:prePrune ├── wordwrap@0.0.2
160 silly idealTree:prePrune └── yargs@3.10.0
161 silly loadIdealTree Finishing
162 silly currentTree handler-dispatcher-app@0.0.0
162 silly currentTree ├── @types/babel-types@7.0.7
162 silly currentTree ├── @types/babylon@6.16.5
162 silly currentTree ├── accepts@1.3.7
162 silly currentTree ├─┬ acorn-globals@3.1.0
162 silly currentTree │ └── acorn@4.0.13
162 silly currentTree ├── ajv@6.10.0
162 silly currentTree ├── align-text@0.1.4
162 silly currentTree ├── amdefine@1.0.1
162 silly currentTree ├── array-flatten@1.1.1
162 silly currentTree ├── asap@2.0.6
162 silly currentTree ├── asn1@0.2.4
162 silly currentTree ├── assert-plus@1.0.0
162 silly currentTree ├── asynckit@0.4.0
162 silly currentTree ├── aws-sign2@0.7.0
162 silly currentTree ├── aws4@1.8.0
162 silly currentTree ├── babel-runtime@6.26.0
162 silly currentTree ├── babel-types@6.26.0
162 silly currentTree ├── babylon@6.18.0
162 silly currentTree ├─┬ basic-auth@2.0.1
162 silly currentTree │ └── safe-buffer@5.1.2
162 silly currentTree ├── bcrypt-pbkdf@1.0.2
162 silly currentTree ├── bitly@6.1.0
162 silly currentTree ├── bluebird@3.5.5
162 silly currentTree ├── body-parser@1.18.3
162 silly currentTree ├── bytes@3.0.0
162 silly currentTree ├── camelcase@1.2.1
162 silly currentTree ├── caseless@0.12.0
162 silly currentTree ├── center-align@0.1.3
162 silly currentTree ├── character-parser@2.2.0
162 silly currentTree ├── clean-css@3.4.28
162 silly currentTree ├── cliui@2.1.0
162 silly currentTree ├── combined-stream@1.0.8
162 silly currentTree ├── commander@2.8.1
162 silly currentTree ├── constantinople@3.1.2
162 silly currentTree ├── content-disposition@0.5.2
162 silly currentTree ├── content-type@1.0.4
162 silly currentTree ├── cookie-parser@1.4.4
162 silly currentTree ├── cookie-signature@1.0.6
162 silly currentTree ├── cookie@0.3.1
162 silly currentTree ├── core-js@2.6.9
162 silly currentTree ├── core-util-is@1.0.2
162 silly currentTree ├── dashdash@1.14.1
162 silly currentTree ├── debug@2.6.9
162 silly currentTree ├── decamelize@1.2.0
162 silly currentTree ├── deep-extend@0.5.1
162 silly currentTree ├── delayed-stream@1.0.0
162 silly currentTree ├── depd@1.1.2
162 silly currentTree ├── destroy@1.0.4
162 silly currentTree ├── doctypes@1.1.0
162 silly currentTree ├── ecc-jsbn@0.1.2
162 silly currentTree ├── ee-first@1.1.1
162 silly currentTree ├── encodeurl@1.0.2
162 silly currentTree ├── escape-html@1.0.3
162 silly currentTree ├── esutils@2.0.2
162 silly currentTree ├── etag@1.8.1
162 silly currentTree ├─┬ express@4.16.4
162 silly currentTree │ └── safe-buffer@5.1.2
162 silly currentTree ├── extend@3.0.2
162 silly currentTree ├── extsprintf@1.3.0
162 silly currentTree ├── fast-deep-equal@2.0.1
162 silly currentTree ├── fast-json-stable-stringify@2.0.0
162 silly currentTree ├── finalhandler@1.1.1
162 silly currentTree ├── forever-agent@0.6.1
162 silly currentTree ├── form-data@2.3.3
162 silly currentTree ├── forwarded@0.1.2
162 silly currentTree ├── fresh@0.5.2
162 silly currentTree ├── function-bind@1.1.1
162 silly currentTree ├── getpass@0.1.7
162 silly currentTree ├── graceful-readlink@1.0.1
162 silly currentTree ├── har-schema@2.0.0
162 silly currentTree ├── har-validator@5.1.3
162 silly currentTree ├── has@1.0.3
162 silly currentTree ├── http-errors@1.6.3
162 silly currentTree ├── http-signature@1.2.0
162 silly currentTree ├── iconv-lite@0.4.23
162 silly currentTree ├── inherits@2.0.3
162 silly currentTree ├── ipaddr.js@1.9.0
162 silly currentTree ├── is-buffer@1.1.6
162 silly currentTree ├─┬ is-expression@3.0.0
162 silly currentTree │ └── acorn@4.0.13
162 silly currentTree ├── is-promise@2.1.0
162 silly currentTree ├── is-regex@1.0.4
162 silly currentTree ├── is-typedarray@1.0.0
162 silly currentTree ├── isstream@0.1.2
162 silly currentTree ├── js-stringify@1.0.2
162 silly currentTree ├── jsbn@0.1.1
162 silly currentTree ├── json-schema-traverse@0.4.1
162 silly currentTree ├── json-schema@0.2.3
162 silly currentTree ├── json-stringify-safe@5.0.1
162 silly currentTree ├── jsprim@1.4.1
162 silly currentTree ├── jstransformer@1.0.0
162 silly currentTree ├── kind-of@3.2.2
162 silly currentTree ├── lazy-cache@1.0.4
162 silly currentTree ├── lodash@4.17.11
162 silly currentTree ├── longest@1.0.1
162 silly currentTree ├── media-typer@0.3.0
162 silly currentTree ├── merge-descriptors@1.0.1
162 silly currentTree ├── methods@1.1.2
162 silly currentTree ├── mime-db@1.40.0
162 silly currentTree ├── mime-types@2.1.24
162 silly currentTree ├── mime@1.4.1
162 silly currentTree ├── morgan@1.9.1
162 silly currentTree ├── ms@2.0.0
162 silly currentTree ├── negotiator@0.6.2
162 silly currentTree ├── oauth-sign@0.9.0
162 silly currentTree ├── object-assign@4.1.1
162 silly currentTree ├── on-finished@2.3.0
162 silly currentTree ├── on-headers@1.0.2
162 silly currentTree ├── parseurl@1.3.3
162 silly currentTree ├── path-parse@1.0.6
162 silly currentTree ├── path-to-regexp@0.1.7
162 silly currentTree ├── performance-now@2.1.0
162 silly currentTree ├── promise@7.3.1
162 silly currentTree ├── proxy-addr@2.0.5
162 silly currentTree ├── psl@1.2.0
162 silly currentTree ├── pug-attrs@2.0.4
162 silly currentTree ├── pug-error@1.3.3
162 silly currentTree ├── pug-filters@2.1.5
162 silly currentTree ├── pug-lexer@3.1.0
162 silly currentTree ├── pug-linker@2.0.3
162 silly currentTree ├── pug-load@2.0.12
162 silly currentTree ├── pug-parser@2.0.2
162 silly currentTree ├── pug-runtime@2.0.5
162 silly currentTree ├── pug-strip-comments@1.0.4
162 silly currentTree ├── pug-walk@1.1.8
162 silly currentTree ├── punycode@2.1.1
162 silly currentTree ├── qs@6.5.2
162 silly currentTree ├── range-parser@1.2.1
162 silly currentTree ├── raw-body@2.3.3
162 silly currentTree ├── regenerator-runtime@0.11.1
162 silly currentTree ├── repeat-string@1.6.1
162 silly currentTree ├── request-promise-core@1.1.2
162 silly currentTree ├── request-promise@4.2.4
162 silly currentTree ├── request@2.88.0
162 silly currentTree ├── resolve@1.11.1
162 silly currentTree ├── right-align@0.1.3
162 silly currentTree ├── safe-buffer@5.2.0
162 silly currentTree ├── safer-buffer@2.1.2
162 silly currentTree ├── send@0.16.2
162 silly currentTree ├── serve-static@1.13.2
162 silly currentTree ├── setprototypeof@1.1.0
162 silly currentTree ├── source-map@0.4.4
162 silly currentTree ├── sshpk@1.16.1
162 silly currentTree ├── statuses@1.4.0
162 silly currentTree ├── stealthy-require@1.1.1
162 silly currentTree ├── to-fast-properties@1.0.3
162 silly currentTree ├── token-stream@0.0.1
162 silly currentTree ├─┬ tough-cookie@2.4.3
162 silly currentTree │ └── punycode@1.4.1
162 silly currentTree ├── tunnel-agent@0.6.0
162 silly currentTree ├── tweetnacl@0.14.5
162 silly currentTree ├── twitter@1.7.1
162 silly currentTree ├── type-is@1.6.18
162 silly currentTree ├─┬ uglify-js@2.8.29
162 silly currentTree │ └── source-map@0.5.7
162 silly currentTree ├── uglify-to-browserify@1.0.2
162 silly currentTree ├── unpipe@1.0.0
162 silly currentTree ├── uri-js@4.2.2
162 silly currentTree ├── utils-merge@1.0.1
162 silly currentTree ├── uuid@3.3.2
162 silly currentTree ├── valid-url@1.0.9
162 silly currentTree ├── vary@1.1.2
162 silly currentTree ├── verror@1.10.0
162 silly currentTree ├── void-elements@2.0.1
162 silly currentTree ├── window-size@0.1.0
162 silly currentTree ├── wordwrap@0.0.2
162 silly currentTree └── yargs@3.10.0
163 silly idealTree handler-dispatcher-app@0.0.0
163 silly idealTree ├── @types/babel-types@7.0.7
163 silly idealTree ├── @types/babylon@6.16.5
163 silly idealTree ├── accepts@1.3.7
163 silly idealTree ├─┬ acorn-globals@3.1.0
163 silly idealTree │ └── acorn@4.0.13
163 silly idealTree ├── acorn@3.3.0
163 silly idealTree ├── ajv@6.10.0
163 silly idealTree ├── align-text@0.1.4
163 silly idealTree ├── amdefine@1.0.1
163 silly idealTree ├── array-flatten@1.1.1
163 silly idealTree ├── asap@2.0.6
163 silly idealTree ├── asn1@0.2.4
163 silly idealTree ├── assert-plus@1.0.0
163 silly idealTree ├── asynckit@0.4.0
163 silly idealTree ├── aws-sign2@0.7.0
163 silly idealTree ├── aws4@1.8.0
163 silly idealTree ├── babel-runtime@6.26.0
163 silly idealTree ├── babel-types@6.26.0
163 silly idealTree ├── babylon@6.18.0
163 silly idealTree ├─┬ basic-auth@2.0.1
163 silly idealTree │ └── safe-buffer@5.1.2
163 silly idealTree ├── bcrypt-pbkdf@1.0.2
163 silly idealTree ├── bitly@6.1.0
163 silly idealTree ├── bluebird@3.5.5
163 silly idealTree ├── body-parser@1.18.3
163 silly idealTree ├── bytes@3.0.0
163 silly idealTree ├── camelcase@1.2.1
163 silly idealTree ├── caseless@0.12.0
163 silly idealTree ├── center-align@0.1.3
163 silly idealTree ├── character-parser@2.2.0
163 silly idealTree ├── clean-css@3.4.28
163 silly idealTree ├── cliui@2.1.0
163 silly idealTree ├── combined-stream@1.0.8
163 silly idealTree ├── commander@2.8.1
163 silly idealTree ├── constantinople@3.1.2
163 silly idealTree ├── content-disposition@0.5.2
163 silly idealTree ├── content-type@1.0.4
163 silly idealTree ├── cookie-parser@1.4.4
163 silly idealTree ├── cookie-signature@1.0.6
163 silly idealTree ├── cookie@0.3.1
163 silly idealTree ├── core-js@2.6.9
163 silly idealTree ├── core-util-is@1.0.2
163 silly idealTree ├── dashdash@1.14.1
163 silly idealTree ├── debug@2.6.9
163 silly idealTree ├── decamelize@1.2.0
163 silly idealTree ├── deep-extend@0.5.1
163 silly idealTree ├── delayed-stream@1.0.0
163 silly idealTree ├── depd@1.1.2
163 silly idealTree ├── destroy@1.0.4
163 silly idealTree ├── doctypes@1.1.0
163 silly idealTree ├── ecc-jsbn@0.1.2
163 silly idealTree ├── ee-first@1.1.1
163 silly idealTree ├── encodeurl@1.0.2
163 silly idealTree ├── escape-html@1.0.3
163 silly idealTree ├── esutils@2.0.2
163 silly idealTree ├── etag@1.8.1
163 silly idealTree ├─┬ express@4.16.4
163 silly idealTree │ └── safe-buffer@5.1.2
163 silly idealTree ├── extend@3.0.2
163 silly idealTree ├── extsprintf@1.3.0
163 silly idealTree ├── fast-deep-equal@2.0.1
163 silly idealTree ├── fast-json-stable-stringify@2.0.0
163 silly idealTree ├── finalhandler@1.1.1
163 silly idealTree ├── forever-agent@0.6.1
163 silly idealTree ├── form-data@2.3.3
163 silly idealTree ├── forwarded@0.1.2
163 silly idealTree ├── fresh@0.5.2
163 silly idealTree ├── function-bind@1.1.1
163 silly idealTree ├── getpass@0.1.7
163 silly idealTree ├── graceful-readlink@1.0.1
163 silly idealTree ├── har-schema@2.0.0
163 silly idealTree ├── har-validator@5.1.3
163 silly idealTree ├── has@1.0.3
163 silly idealTree ├── http-errors@1.6.3
163 silly idealTree ├── http-signature@1.2.0
163 silly idealTree ├── iconv-lite@0.4.23
163 silly idealTree ├── inherits@2.0.3
163 silly idealTree ├── ipaddr.js@1.9.0
163 silly idealTree ├── is-buffer@1.1.6
163 silly idealTree ├─┬ is-expression@3.0.0
163 silly idealTree │ └── acorn@4.0.13
163 silly idealTree ├── is-promise@2.1.0
163 silly idealTree ├── is-regex@1.0.4
163 silly idealTree ├── is-typedarray@1.0.0
163 silly idealTree ├── isstream@0.1.2
163 silly idealTree ├── js-stringify@1.0.2
163 silly idealTree ├── jsbn@0.1.1
163 silly idealTree ├── json-schema-traverse@0.4.1
163 silly idealTree ├── json-schema@0.2.3
163 silly idealTree ├── json-stringify-safe@5.0.1
163 silly idealTree ├── jsprim@1.4.1
163 silly idealTree ├── jstransformer@1.0.0
163 silly idealTree ├── kind-of@3.2.2
163 silly idealTree ├── lazy-cache@1.0.4
163 silly idealTree ├── lodash@4.17.11
163 silly idealTree ├── longest@1.0.1
163 silly idealTree ├── media-typer@0.3.0
163 silly idealTree ├── merge-descriptors@1.0.1
163 silly idealTree ├── methods@1.1.2
163 silly idealTree ├── mime-db@1.40.0
163 silly idealTree ├── mime-types@2.1.24
163 silly idealTree ├── mime@1.4.1
163 silly idealTree ├── morgan@1.9.1
163 silly idealTree ├── ms@2.0.0
163 silly idealTree ├── negotiator@0.6.2
163 silly idealTree ├── oauth-sign@0.9.0
163 silly idealTree ├── object-assign@4.1.1
163 silly idealTree ├── on-finished@2.3.0
163 silly idealTree ├── on-headers@1.0.2
163 silly idealTree ├── parseurl@1.3.3
163 silly idealTree ├── path-parse@1.0.6
163 silly idealTree ├── path-to-regexp@0.1.7
163 silly idealTree ├── performance-now@2.1.0
163 silly idealTree ├── promise@7.3.1
163 silly idealTree ├── proxy-addr@2.0.5
163 silly idealTree ├── psl@1.2.0
163 silly idealTree ├── pug-attrs@2.0.4
163 silly idealTree ├── pug-code-gen@1.1.1
163 silly idealTree ├── pug-error@1.3.3
163 silly idealTree ├── pug-filters@2.1.5
163 silly idealTree ├── pug-lexer@3.1.0
163 silly idealTree ├── pug-linker@2.0.3
163 silly idealTree ├── pug-load@2.0.12
163 silly idealTree ├── pug-parser@2.0.2
163 silly idealTree ├── pug-runtime@2.0.5
163 silly idealTree ├── pug-strip-comments@1.0.4
163 silly idealTree ├── pug-walk@1.1.8
163 silly idealTree ├── pug@2.0.0-beta11
163 silly idealTree ├── punycode@2.1.1
163 silly idealTree ├── qs@6.5.2
163 silly idealTree ├── range-parser@1.2.1
163 silly idealTree ├── raw-body@2.3.3
163 silly idealTree ├── regenerator-runtime@0.11.1
163 silly idealTree ├── repeat-string@1.6.1
163 silly idealTree ├── request-promise-core@1.1.2
163 silly idealTree ├── request-promise@4.2.4
163 silly idealTree ├── request@2.88.0
163 silly idealTree ├── resolve@1.11.1
163 silly idealTree ├── right-align@0.1.3
163 silly idealTree ├── safe-buffer@5.2.0
163 silly idealTree ├── safer-buffer@2.1.2
163 silly idealTree ├── send@0.16.2
163 silly idealTree ├── serve-static@1.13.2
163 silly idealTree ├── setprototypeof@1.1.0
163 silly idealTree ├── source-map@0.4.4
163 silly idealTree ├── sshpk@1.16.1
163 silly idealTree ├── statuses@1.4.0
163 silly idealTree ├── stealthy-require@1.1.1
163 silly idealTree ├── to-fast-properties@1.0.3
163 silly idealTree ├── token-stream@0.0.1
163 silly idealTree ├─┬ tough-cookie@2.4.3
163 silly idealTree │ └── punycode@1.4.1
163 silly idealTree ├── tunnel-agent@0.6.0
163 silly idealTree ├── tweetnacl@0.14.5
163 silly idealTree ├── twitter@1.7.1
163 silly idealTree ├── type-is@1.6.18
163 silly idealTree ├─┬ uglify-js@2.8.29
163 silly idealTree │ └── source-map@0.5.7
163 silly idealTree ├── uglify-to-browserify@1.0.2
163 silly idealTree ├── unpipe@1.0.0
163 silly idealTree ├── uri-js@4.2.2
163 silly idealTree ├── utils-merge@1.0.1
163 silly idealTree ├── uuid@3.3.2
163 silly idealTree ├── valid-url@1.0.9
163 silly idealTree ├── vary@1.1.2
163 silly idealTree ├── verror@1.10.0
163 silly idealTree ├── void-elements@2.0.1
163 silly idealTree ├── window-size@0.1.0
163 silly idealTree ├── with@5.1.1
163 silly idealTree ├── wordwrap@0.0.2
163 silly idealTree └── yargs@3.10.0
164 silly generateActionsToTake Starting
165 silly install generateActionsToTake
166 silly generateActionsToTake Finishing
167 silly diffTrees action count 4
168 silly diffTrees add acorn@3.3.0
169 silly diffTrees add with@5.1.1
170 silly diffTrees add pug-code-gen@1.1.1
171 silly diffTrees add pug@2.0.0-beta11
172 silly decomposeActions action count 32
173 silly decomposeActions fetch acorn@3.3.0
174 silly decomposeActions extract acorn@3.3.0
175 silly decomposeActions test acorn@3.3.0
176 silly decomposeActions preinstall acorn@3.3.0
177 silly decomposeActions build acorn@3.3.0
178 silly decomposeActions install acorn@3.3.0
179 silly decomposeActions postinstall acorn@3.3.0
180 silly decomposeActions finalize acorn@3.3.0
181 silly decomposeActions fetch with@5.1.1
182 silly decomposeActions extract with@5.1.1
183 silly decomposeActions test with@5.1.1
184 silly decomposeActions preinstall with@5.1.1
185 silly decomposeActions build with@5.1.1
186 silly decomposeActions install with@5.1.1
187 silly decomposeActions postinstall with@5.1.1
188 silly decomposeActions finalize with@5.1.1
189 silly decomposeActions fetch pug-code-gen@1.1.1
190 silly decomposeActions extract pug-code-gen@1.1.1
191 silly decomposeActions test pug-code-gen@1.1.1
192 silly decomposeActions preinstall pug-code-gen@1.1.1
193 silly decomposeActions build pug-code-gen@1.1.1
194 silly decomposeActions install pug-code-gen@1.1.1
195 silly decomposeActions postinstall pug-code-gen@1.1.1
196 silly decomposeActions finalize pug-code-gen@1.1.1
197 silly decomposeActions fetch pug@2.0.0-beta11
198 silly decomposeActions extract pug@2.0.0-beta11
199 silly decomposeActions test pug@2.0.0-beta11
200 silly decomposeActions preinstall pug@2.0.0-beta11
201 silly decomposeActions build pug@2.0.0-beta11
202 silly decomposeActions install pug@2.0.0-beta11
203 silly decomposeActions postinstall pug@2.0.0-beta11
204 silly decomposeActions finalize pug@2.0.0-beta11
205 silly executeActions Starting
206 silly install executeActions
207 silly doSerial global-install 0
208 silly doParallel fetch 4
209 verbose lock using /home/david/.npm/_locks/staging-3acd082db128149f.lock for /media/david/UBUNTU 18_0/NextMediaProduction/handlerDispatcherApp/node_modules/.staging
210 silly doParallel extract 4
211 silly extract acorn@3.3.0
212 silly extract with@5.1.1
213 silly extract pug-code-gen@1.1.1
214 silly extract pug@2.0.0-beta11
215 verbose unbuild node_modules/.staging/with-f5f7505f
216 verbose unbuild node_modules/.staging/pug-code-gen-1ba4317f
217 verbose unbuild node_modules/.staging/pug-1ed410af
218 verbose unbuild node_modules/.staging/acorn-a3c266a3
219 silly gentlyRm /media/david/UBUNTU 18_0/NextMediaProduction/handlerDispatcherApp/node_modules/.staging/with-f5f7505f is being purged from base /media/david/UBUNTU 18_0/NextMediaProduction/handlerDispatcherApp
220 verbose gentlyRm don't care about contents; nuking /media/david/UBUNTU 18_0/NextMediaProduction/handlerDispatcherApp/node_modules/.staging/with-f5f7505f
221 silly gentlyRm /media/david/UBUNTU 18_0/NextMediaProduction/handlerDispatcherApp/node_modules/.staging/pug-code-gen-1ba4317f is being purged from base /media/david/UBUNTU 18_0/NextMediaProduction/handlerDispatcherApp
222 verbose gentlyRm don't care about contents; nuking /media/david/UBUNTU 18_0/NextMediaProduction/handlerDispatcherApp/node_modules/.staging/pug-code-gen-1ba4317f
223 silly gentlyRm /media/david/UBUNTU 18_0/NextMediaProduction/handlerDispatcherApp/node_modules/.staging/pug-1ed410af is being purged from base /media/david/UBUNTU 18_0/NextMediaProduction/handlerDispatcherApp
224 verbose gentlyRm don't care about contents; nuking /media/david/UBUNTU 18_0/NextMediaProduction/handlerDispatcherApp/node_modules/.staging/pug-1ed410af
225 silly gentlyRm /media/david/UBUNTU 18_0/NextMediaProduction/handlerDispatcherApp/node_modules/.staging/acorn-a3c266a3 is being purged from base /media/david/UBUNTU 18_0/NextMediaProduction/handlerDispatcherApp
226 verbose gentlyRm don't care about contents; nuking /media/david/UBUNTU 18_0/NextMediaProduction/handlerDispatcherApp/node_modules/.staging/acorn-a3c266a3
227 verbose tar unpack /home/david/.npm/with/5.1.1/package.tgz
228 verbose tar unpacking to /media/david/UBUNTU 18_0/NextMediaProduction/handlerDispatcherApp/node_modules/.staging/with-f5f7505f
229 silly gentlyRm /media/david/UBUNTU 18_0/NextMediaProduction/handlerDispatcherApp/node_modules/.staging/with-f5f7505f is being purged
230 verbose gentlyRm don't care about contents; nuking /media/david/UBUNTU 18_0/NextMediaProduction/handlerDispatcherApp/node_modules/.staging/with-f5f7505f
231 verbose tar unpack /home/david/.npm/pug-code-gen/1.1.1/package.tgz
232 verbose tar unpacking to /media/david/UBUNTU 18_0/NextMediaProduction/handlerDispatcherApp/node_modules/.staging/pug-code-gen-1ba4317f
233 silly gentlyRm /media/david/UBUNTU 18_0/NextMediaProduction/handlerDispatcherApp/node_modules/.staging/pug-code-gen-1ba4317f is being purged
234 verbose gentlyRm don't care about contents; nuking /media/david/UBUNTU 18_0/NextMediaProduction/handlerDispatcherApp/node_modules/.staging/pug-code-gen-1ba4317f
235 verbose tar unpack /home/david/.npm/pug/2.0.0-beta11/package.tgz
236 verbose tar unpacking to /media/david/UBUNTU 18_0/NextMediaProduction/handlerDispatcherApp/node_modules/.staging/pug-1ed410af
237 silly gentlyRm /media/david/UBUNTU 18_0/NextMediaProduction/handlerDispatcherApp/node_modules/.staging/pug-1ed410af is being purged
238 verbose gentlyRm don't care about contents; nuking /media/david/UBUNTU 18_0/NextMediaProduction/handlerDispatcherApp/node_modules/.staging/pug-1ed410af
239 verbose tar unpack /home/david/.npm/acorn/3.3.0/package.tgz
240 verbose tar unpacking to /media/david/UBUNTU 18_0/NextMediaProduction/handlerDispatcherApp/node_modules/.staging/acorn-a3c266a3
241 silly gentlyRm /media/david/UBUNTU 18_0/NextMediaProduction/handlerDispatcherApp/node_modules/.staging/acorn-a3c266a3 is being purged
242 verbose gentlyRm don't care about contents; nuking /media/david/UBUNTU 18_0/NextMediaProduction/handlerDispatcherApp/node_modules/.staging/acorn-a3c266a3
243 silly gunzTarPerm modes [ '755', '644' ]
244 silly gunzTarPerm modes [ '755', '644' ]
245 silly gunzTarPerm modes [ '755', '644' ]
246 silly gunzTarPerm modes [ '755', '644' ]
247 silly gunzTarPerm extractEntry package.json
248 silly gunzTarPerm extractEntry package.json
249 silly gunzTarPerm extractEntry package.json
250 silly gunzTarPerm extractEntry package.json
251 silly gunzTarPerm extractEntry README.md
252 silly gunzTarPerm extractEntry LICENSE
253 silly gunzTarPerm extractEntry README.md
254 silly gunzTarPerm extractEntry LICENSE
255 silly gunzTarPerm extractEntry .npmignore
256 silly gunzTarPerm extractEntry README.md
257 silly gunzTarPerm extractEntry .npmignore
258 silly gunzTarPerm extractEntry README.md
259 silly gunzTarPerm extractEntry LICENSE
260 silly gunzTarPerm extractEntry index.js
261 silly gunzTarPerm extractEntry HISTORY.md
262 silly gunzTarPerm extractEntry LICENSE
263 silly gunzTarPerm extractEntry index.js
264 silly gunzTarPerm extractEntry register.js
265 silly gunzTarPerm extractEntry History.md
266 silly gunzTarPerm extractEntry examples/README.md
267 silly gunzTarPerm extractEntry .tern-project
268 silly gunzTarPerm extractEntry .travis.yml
269 silly gunzTarPerm extractEntry AUTHORS
270 silly gunzTarPerm extractEntry CHANGELOG.md
271 silly gunzTarPerm extractEntry examples/text.js
272 silly gunzTarPerm extractEntry examples/dynamicscript.js
273 silly gunzTarPerm extractEntry .gitattributes
274 silly gunzTarPerm extractEntry bin/generate-identifier-regex.js
275 silly gunzTarPerm extractEntry examples/rss.js
276 silly gunzTarPerm extractEntry examples/code.js
277 silly gunzTarPerm extractEntry examples/mixins.js
278 silly gunzTarPerm extractEntry examples/layout.js
279 silly gunzTarPerm extractEntry examples/extend.js
280 silly gunzTarPerm extractEntry bin/acorn
281 silly gunzTarPerm extractEntry bin/update_authors.sh
282 silly gunzTarPerm extractEntry examples/layout-debug.js
283 silly gunzTarPerm extractEntry examples/form.js
284 silly gunzTarPerm extractEntry dist/acorn.es.js
285 silly gunzTarPerm extractEntry dist/acorn.js
286 silly gunzTarPerm extractEntry examples/whitespace.js
287 silly gunzTarPerm extractEntry examples/attributes.js
288 silly gunzTarPerm extractEntry dist/acorn_loose.es.js
289 silly gunzTarPerm extractEntry examples/each.js
290 silly gunzTarPerm extractEntry examples/includes.js
291 silly gunzTarPerm extractEntry dist/acorn_loose.js
292 silly gunzTarPerm extractEntry dist/walk.es.js
293 silly gunzTarPerm extractEntry examples/mixins.pug
294 silly gunzTarPerm extractEntry examples/includes/foot.pug
295 silly gunzTarPerm extractEntry dist/walk.js
296 silly gunzTarPerm extractEntry dist/.keep
297 silly gunzTarPerm extractEntry examples/includes/head.pug
298 silly gunzTarPerm extractEntry examples/includes/scripts.pug
299 silly gunzTarPerm extractEntry src/whitespace.js
300 silly gunzTarPerm extractEntry src/locutil.js
301 silly gunzTarPerm extractEntry examples/includes/style.css
302 silly gunzTarPerm extractEntry examples/includes.pug
303 silly gunzTarPerm extractEntry src/util.js
304 silly gunzTarPerm extractEntry src/lval.js
305 silly gunzTarPerm extractEntry examples/extend.pug
306 silly gunzTarPerm extractEntry examples/extend-layout.pug
307 silly gunzTarPerm extractEntry src/location.js
308 silly gunzTarPerm extractEntry src/expression.js
309 silly gunzTarPerm extractEntry src/parseutil.js
310 silly gunzTarPerm extractEntry examples/layout.pug
311 silly gunzTarPerm extractEntry examples/mixins/dialog.pug
312 silly gunzTarPerm extractEntry src/state.js
313 silly gunzTarPerm extractEntry src/statement.js
314 silly gunzTarPerm extractEntry src/tokencontext.js
315 silly gunzTarPerm extractEntry src/index.js
316 silly gunzTarPerm extractEntry src/tokenize.js
317 silly gunzTarPerm extractEntry src/identifier.js
318 silly gunzTarPerm extractEntry examples/mixins/profile.pug
319 silly gunzTarPerm extractEntry examples/each.pug
320 silly gunzTarPerm extractEntry src/tokentype.js
321 silly gunzTarPerm extractEntry src/node.js
322 silly gunzTarPerm extractEntry src/options.js
323 silly gunzTarPerm extractEntry src/loose/expression.js
324 silly gunzTarPerm extractEntry src/loose/index.js
325 silly gunzTarPerm extractEntry src/loose/parseutil.js
326 silly gunzTarPerm extractEntry src/loose/state.js
327 silly gunzTarPerm extractEntry src/loose/statement.js
328 silly gunzTarPerm extractEntry src/loose/tokenize.js
329 silly gunzTarPerm extractEntry src/walk/index.js
330 silly gunzTarPerm extractEntry src/bin/acorn.js
331 silly gunzTarPerm extractEntry .editorconfig
332 silly gunzTarPerm extractEntry rollup/config.bin.js
333 silly gunzTarPerm extractEntry rollup/config.loose.js
334 silly gunzTarPerm extractEntry rollup/config.main.js
335 silly gunzTarPerm extractEntry rollup/config.walk.js
336 silly gunzTarPerm extractEntry examples/form.pug
337 silly gunzTarPerm extractEntry examples/pet.pug
338 silly gunzTarPerm extractEntry examples/dynamicscript.pug
339 silly gunzTarPerm extractEntry examples/rss.pug
340 silly gunzTarPerm extractEntry examples/code.pug
341 silly gunzTarPerm extractEntry examples/text.pug
342 silly gunzTarPerm extractEntry examples/attributes.pug
343 silly gunzTarPerm extractEntry examples/whitespace.pug
344 silly gunzTarPerm extractEntry lib/index.js
345 silly gunzTarPerm extractEntry support/benchmark.js
346 silly gentlyRm /media/david/UBUNTU 18_0/NextMediaProduction/handlerDispatcherApp/node_modules/.staging/pug-code-gen-1ba4317f/node_modules is being purged
347 verbose gentlyRm don't care about contents; nuking /media/david/UBUNTU 18_0/NextMediaProduction/handlerDispatcherApp/node_modules/.staging/pug-code-gen-1ba4317f/node_modules
348 silly gentlyRm /media/david/UBUNTU 18_0/NextMediaProduction/handlerDispatcherApp/node_modules/.staging/with-f5f7505f/node_modules is being purged
349 verbose gentlyRm don't care about contents; nuking /media/david/UBUNTU 18_0/NextMediaProduction/handlerDispatcherApp/node_modules/.staging/with-f5f7505f/node_modules
350 silly gunzTarPerm extractEntry test/README.md
351 silly gunzTarPerm extractEntry test/error.reporting.test.js
352 silly gunzTarPerm extractEntry test/examples.test.js
353 silly gunzTarPerm extractEntry test/pug.test.js
354 silly gunzTarPerm extractEntry test/run-es2015.test.js
355 silly gunzTarPerm extractEntry test/run-syntax-errors.test.js
356 silly gunzTarPerm extractEntry test/run-utils.js
357 silly gunzTarPerm extractEntry test/run.test.js
358 silly gunzTarPerm extractEntry test/browser/index.html
359 silly gunzTarPerm extractEntry test/browser/index.pug
360 silly gunzTarPerm extractEntry test/anti-cases/multiple-non-nested-tags-on-a-line.pug
361 silly gunzTarPerm extractEntry test/anti-cases/attrs.unescaped.pug
362 silly gunzTarPerm extractEntry test/anti-cases/case-without-with.pug
363 silly gunzTarPerm extractEntry test/anti-cases/else-condition.pug
364 silly gunzTarPerm extractEntry test/anti-cases/else-without-if.pug
365 silly gunzTarPerm extractEntry test/anti-cases/inlining-a-mixin-after-a-tag.pug
366 silly gunzTarPerm extractEntry test/anti-cases/key-char-ending-badly.pug
367 silly gunzTarPerm extractEntry test/anti-cases/key-ending-badly.pug
368 silly gunzTarPerm extractEntry test/anti-cases/mismatched-inline-tag.pug
369 silly gunzTarPerm extractEntry test/anti-cases/mixin-args-syntax-error.pug
370 silly gunzTarPerm extractEntry test/anti-cases/mixins-blocks-with-bodies.pug
371 silly gunzTarPerm extractEntry test/anti-cases/case-when.pug
372 silly gunzTarPerm extractEntry test/anti-cases/non-existant-filter.pug
373 silly gunzTarPerm extractEntry test/anti-cases/non-mixin-block.pug
374 silly gunzTarPerm extractEntry test/anti-cases/open-brace-in-attributes.pug
375 silly gunzTarPerm extractEntry test/anti-cases/readme.md
376 silly gunzTarPerm extractEntry test/anti-cases/self-closing-tag-with-block.pug
377 silly gunzTarPerm extractEntry test/anti-cases/self-closing-tag-with-body.pug
378 silly gunzTarPerm extractEntry test/anti-cases/self-closing-tag-with-code.pug
379 silly gunzTarPerm extractEntry test/anti-cases/tabs-and-spaces.pug
380 silly gunzTarPerm extractEntry test/anti-cases/unclosed-interpolated-call.pug
381 silly gunzTarPerm extractEntry test/anti-cases/unclosed-interpolated-tag.pug
382 silly gunzTarPerm extractEntry test/anti-cases/unclosed-interpolation.pug
383 silly gunzTarPerm extractEntry test/output/yield.js
384 silly gunzTarPerm extractEntry test/output/pipeless-filters.js
385 silly gunzTarPerm extractEntry test/output/escape-chars.js
386 silly gunzTarPerm extractEntry test/output/pipeless-comments.js
387 silly gunzTarPerm extractEntry test/output/each.else.js
388 silly gunzTarPerm extractEntry test/output/nesting.js
389 silly gunzTarPerm extractEntry test/output/escaping-class-attribute.js
390 silly gunzTarPerm extractEntry test/output/namespaces.js
391 silly gunzTarPerm extractEntry test/output/filter-in-include.js
392 silly gunzTarPerm extractEntry test/output/mixins.rest-args.js
393 silly gunzTarPerm extractEntry test/output/pipeless-tag.js
394 silly gunzTarPerm extractEntry test/output/filters-empty.js
395 silly gunzTarPerm extractEntry test/output/doctype.keyword.js
396 silly gunzTarPerm extractEntry test/output/mixins.js
397 silly gunzTarPerm extractEntry test/output/pre.js
398 silly gunzTarPerm extractEntry test/output/filters.coffeescript.js
399 silly gunzTarPerm extractEntry test/output/doctype.default.js
400 silly gunzTarPerm extractEntry test/output/mixins-unused.js
401 silly gunzTarPerm extractEntry test/output/quotes.js
402 silly gunzTarPerm extractEntry test/output/filters.custom.js
403 silly gunzTarPerm extractEntry test/output/doctype.custom.js
404 silly gunzTarPerm extractEntry test/output/mixin.merge.js
405 silly gunzTarPerm extractEntry test/output/regression.1794.js
406 silly gunzTarPerm extractEntry test/output/filters.include.custom.js
407 silly gunzTarPerm extractEntry test/output/comments.source.js
408 silly gunzTarPerm extractEntry test/output/mixin.blocks.js
409 silly gunzTarPerm extractEntry test/output/regression.784.js
410 silly gunzTarPerm extractEntry test/output/filters.include.js
411 silly gentlyRm /media/david/UBUNTU 18_0/NextMediaProduction/handlerDispatcherApp/node_modules/.staging/acorn-a3c266a3/node_modules is being purged
412 verbose gentlyRm don't care about contents; nuking /media/david/UBUNTU 18_0/NextMediaProduction/handlerDispatcherApp/node_modules/.staging/acorn-a3c266a3/node_modules
413 silly gunzTarPerm extractEntry test/output/comments.js
414 silly gunzTarPerm extractEntry test/output/mixin.block-tag-behaviour.js
415 silly gunzTarPerm extractEntry test/output/script.whitespace.js
416 silly gunzTarPerm extractEntry test/output/filters.inline.js
417 silly gunzTarPerm extractEntry test/output/comments-in-case.js
418 silly gunzTarPerm extractEntry test/output/mixin.attrs.js
419 silly gunzTarPerm extractEntry test/output/scripts.js
420 silly gunzTarPerm extractEntry test/output/filters.less.js
421 silly gunzTarPerm extractEntry test/output/code.js
422 silly gunzTarPerm extractEntry test/output/mixin-via-include.js
423 silly gunzTarPerm extractEntry test/output/code.iteration.js
424 silly gunzTarPerm extractEntry test/output/filters.markdown.js
425 silly gunzTarPerm extractEntry test/output/scripts.non-js.js
426 silly gunzTarPerm extractEntry test/output/mixin-hoist.js
427 silly gunzTarPerm extractEntry test/output/self-closing-html.js
428 silly gunzTarPerm extractEntry test/output/filters.nested.js
429 silly gunzTarPerm extractEntry test/output/code.escape.js
430 silly gunzTarPerm extractEntry test/output/mixin-block-with-space.js
431 silly gunzTarPerm extractEntry test/output/single-period.js
432 silly gunzTarPerm extractEntry test/output/filters.stylus.js
433 silly gunzTarPerm extractEntry test/output/code.conditionals.js
434 silly gunzTarPerm extractEntry test/output/mixin-at-end-of-file.js
435 silly gunzTarPerm extractEntry test/output/source.js
436 silly gunzTarPerm extractEntry test/output/html.js
437 silly gunzTarPerm extractEntry test/output/classes.js
438 silly gunzTarPerm extractEntry test/output/layout.prepend.without-block.js
439 silly gunzTarPerm extractEntry test/output/styles.js
440 silly gunzTarPerm extractEntry test/output/html5.js
441 silly gunzTarPerm extractEntry test/output/classes-empty.js
442 silly gunzTarPerm extractEntry test/output/layout.prepend.js
443 silly gunzTarPerm extractEntry test/output/tag.interpolation.js
444 silly gunzTarPerm extractEntry test/output/include-extends-from-root.js
445 silly gunzTarPerm extractEntry test/output/case.js
446 silly gunzTarPerm extractEntry test/output/layout.multi.append.prepend.block.js
447 silly gunzTarPerm extractEntry test/output/tags.self-closing.js
448 silly gunzTarPerm extractEntry test/output/include-extends-of-common-template.js
449 silly gunzTarPerm extractEntry test/output/case-blocks.js
450 silly gunzTarPerm extractEntry test/output/layout.append.without-block.js
451 silly gunzTarPerm extractEntry test/output/template.js
452 silly gunzTarPerm extractEntry test/output/include-extends-relative.js
453 silly gunzTarPerm extractEntry test/output/blocks-in-if.js
454 silly gunzTarPerm extractEntry test/output/layout.append.js
455 silly gunzTarPerm extractEntry test/output/text-block.js
456 silly gunzTarPerm extractEntry test/output/include-only-text-body.js
457 silly gunzTarPerm extractEntry test/output/blocks-in-blocks.js
458 silly gunzTarPerm extractEntry test/output/interpolation.escape.js
459 silly gunzTarPerm extractEntry test/output/text.js
460 silly gunzTarPerm extractEntry test/output/include-only-text.js
461 silly gunzTarPerm extractEntry test/output/blockquote.js
462 silly gunzTarPerm extractEntry test/output/interpolated-mixin.js
463 silly gunzTarPerm extractEntry test/output/utf8bom.js
464 silly gunzTarPerm extractEntry test/output/include-with-text-head.js
465 silly gunzTarPerm extractEntry test/output/block-expansion.shorthands.js
466 silly gunzTarPerm extractEntry test/output/intepolated-elements.js
467 silly gunzTarPerm extractEntry test/output/vars.js
468 silly gunzTarPerm extractEntry test/output/include-with-text.js
469 silly gunzTarPerm extractEntry test/output/block-expansion.js
470 silly gunzTarPerm extractEntry test/output/inline-tag.js
471 silly gunzTarPerm extractEntry test/output/while.js
472 silly gunzTarPerm extractEntry test/output/include.script.js
473 silly gunzTarPerm extractEntry test/output/block-code.js
474 silly gunzTarPerm extractEntry test/output/inheritance.js
475 silly gunzTarPerm extractEntry test/output/xml.js
476 silly gunzTarPerm extractEntry test/output/include.yield.nested.js
477 silly gunzTarPerm extractEntry test/output/blanks.js
478 silly gunzTarPerm extractEntry test/output/inheritance.extend.whitespace.js
479 silly gunzTarPerm extractEntry test/output/yield-before-conditional-head.js
480 silly gunzTarPerm extractEntry test/output/includes-with-ext-js.js
481 silly gunzTarPerm extractEntry test/output/basic.js
482 silly gunzTarPerm extractEntry test/output/inheritance.extend.recursive.js
483 silly gunzTarPerm extractEntry test/output/yield-before-conditional.js
484 silly gunzTarPerm extractEntry test/output/includes.js
485 silly gunzTarPerm extractEntry test/output/attrs.unescaped.js
486 silly gunzTarPerm extractEntry test/output/inheritance.extend.mixins.js
487 silly gunzTarPerm extractEntry test/output/yield-head.js
488 silly gunzTarPerm extractEntry test/output/inheritance.alert-dialog.js
489 silly gunzTarPerm extractEntry test/output/attrs.js.js
490 silly gunzTarPerm extractEntry test/output/inheritance.extend.mixins.block.js
491 silly gunzTarPerm extractEntry test/output/yield-title-head.js
492 silly gunzTarPerm extractEntry test/output/inheritance.defaults.js
493 silly gunzTarPerm extractEntry test/output/attrs.js
494 silly gunzTarPerm extractEntry test/output/inheritance.extend.js
495 silly gunzTarPerm extractEntry test/output/yield-title.js
496 silly gunzTarPerm extractEntry test/output/attrs-data.js
497 silly gunzTarPerm extractEntry test/output/escape-test.js
498 silly gunzTarPerm extractEntry test/output/inheritance.extend.include.js
499 silly gunzTarPerm extractEntry test/output/escape-test.html
500 silly gunzTarPerm extractEntry test/output/inheritance.extend.include.html
501 silly gunzTarPerm extractEntry test/output/inheritance.extend.mixins.block.html
502 silly gunzTarPerm extractEntry test/output/inheritance.defaults.html
503 silly gunzTarPerm extractEntry test/output/inheritance.extend.mixins.html
504 silly gunzTarPerm extractEntry test/output/inheritance.alert-dialog.html
505 silly gunzTarPerm extractEntry test/output/inheritance.extend.recursive.html
506 silly gunzTarPerm extractEntry test/output/includes.html
507 silly gunzTarPerm extractEntry test/output/inheritance.extend.whitespace.html
508 silly gunzTarPerm extractEntry test/output/includes-with-ext-js.html
509 silly gunzTarPerm extractEntry test/output/inheritance.html
510 silly gunzTarPerm extractEntry test/output/include.yield.nested.html
511 silly gunzTarPerm extractEntry test/output/inline-tag.html
512 silly gunzTarPerm extractEntry test/output/include.script.html
513 silly gunzTarPerm extractEntry test/output/intepolated-elements.html
514 silly gunzTarPerm extractEntry test/output/include-with-text.html
515 silly gunzTarPerm extractEntry test/output/interpolated-mixin.html
516 silly gunzTarPerm extractEntry test/output/include-with-text-head.html
517 silly gunzTarPerm extractEntry test/output/interpolation.escape.html
518 silly gunzTarPerm extractEntry test/output/include-only-text.html
519 silly gunzTarPerm extractEntry test/output/layout.append.html
520 silly gunzTarPerm extractEntry test/output/include-only-text-body.html
521 silly gunzTarPerm extractEntry test/output/layout.append.without-block.html
522 silly gunzTarPerm extractEntry test/output/include-extends-relative.html
523 silly gunzTarPerm extractEntry test/output/layout.multi.append.prepend.block.html
524 silly gunzTarPerm extractEntry test/output/include-extends-of-common-template.html
525 silly gunzTarPerm extractEntry test/output/layout.prepend.html
526 silly gunzTarPerm extractEntry test/output/include-extends-from-root.html
527 silly gunzTarPerm extractEntry test/output/layout.prepend.without-block.html
528 silly gunzTarPerm extractEntry test/output/html5.html
529 silly gunzTarPerm extractEntry test/output/mixin-at-end-of-file.html
530 silly gunzTarPerm extractEntry test/output/html.html
531 silly gunzTarPerm extractEntry test/output/mixin-block-with-space.html
532 silly gunzTarPerm extractEntry test/output/filters.stylus.html
533 silly gunzTarPerm extractEntry test/output/mixin-hoist.html
534 silly gunzTarPerm extractEntry test/output/filters.nested.html
535 silly gunzTarPerm extractEntry test/output/mixin-via-include.html
536 silly gunzTarPerm extractEntry test/output/filters.markdown.html
537 silly gunzTarPerm extractEntry test/output/mixin.attrs.html
538 silly gunzTarPerm extractEntry test/output/filters.less.html
539 silly gunzTarPerm extractEntry test/output/mixin.block-tag-behaviour.html
540 silly gunzTarPerm extractEntry test/output/filters.inline.html
541 silly gunzTarPerm extractEntry test/output/mixin.blocks.html
542 silly gunzTarPerm extractEntry test/output/filters.include.html
543 silly gunzTarPerm extractEntry test/output/mixin.merge.html
544 silly gunzTarPerm extractEntry test/output/filters.include.custom.html
545 silly gunzTarPerm extractEntry test/output/mixins-unused.html
546 silly gunzTarPerm extractEntry test/output/filters.custom.html
547 silly gunzTarPerm extractEntry test/output/mixins.html
548 silly gunzTarPerm extractEntry test/output/filters.coffeescript.html
549 silly gunzTarPerm extractEntry test/output/mixins.rest-args.html
550 silly gunzTarPerm extractEntry test/output/filters-empty.html
551 silly gunzTarPerm extractEntry test/output/namespaces.html
552 silly gunzTarPerm extractEntry test/output/filter-in-include.html
553 silly gunzTarPerm extractEntry test/output/nesting.html
554 silly gunzTarPerm extractEntry test/output/escaping-class-attribute.html
555 silly gunzTarPerm extractEntry test/output/pipeless-comments.html
556 silly gunzTarPerm extractEntry test/output/inheritance.extend.html
557 silly gunzTarPerm extractEntry test/output/pipeless-filters.html
558 silly gunzTarPerm extractEntry test/output/escape-chars.html
559 silly gunzTarPerm extractEntry test/output/pipeless-tag.html
560 silly gunzTarPerm extractEntry test/output/each.else.html
561 silly gunzTarPerm extractEntry test/output/pre.html
562 silly gunzTarPerm extractEntry test/output/doctype.keyword.html
563 silly gunzTarPerm extractEntry test/output/quotes.html
564 silly gunzTarPerm extractEntry test/output/doctype.default.html
565 silly gunzTarPerm extractEntry test/output/regression.1794.html
566 silly gunzTarPerm extractEntry test/output/doctype.custom.html
567 silly gunzTarPerm extractEntry test/output/regression.784.html
568 silly gunzTarPerm extractEntry test/output/comments.source.html
569 silly gunzTarPerm extractEntry test/output/script.whitespace.html
570 silly gunzTarPerm extractEntry test/output/comments.html
571 silly gunzTarPerm extractEntry test/output/scripts.html
572 silly gunzTarPerm extractEntry test/output/comments-in-case.html
573 silly gunzTarPerm extractEntry test/output/scripts.non-js.html
574 silly gunzTarPerm extractEntry test/output/code.iteration.html
575 silly gunzTarPerm extractEntry test/output/self-closing-html.html
576 silly gunzTarPerm extractEntry test/output/code.html
577 silly gunzTarPerm extractEntry test/output/single-period.html
578 silly gunzTarPerm extractEntry test/output/code.escape.html
579 silly gunzTarPerm extractEntry test/output/source.html
580 silly gunzTarPerm extractEntry test/output/code.conditionals.html
581 silly gunzTarPerm extractEntry test/output/styles.html
582 silly gunzTarPerm extractEntry test/output/classes.html
583 silly gunzTarPerm extractEntry test/output/tag.interpolation.html
584 silly gunzTarPerm extractEntry test/output/classes-empty.html
585 silly gunzTarPerm extractEntry test/output/tags.self-closing.html
586 silly gunzTarPerm extractEntry test/output/case.html
587 silly gunzTarPerm extractEntry test/output/template.html
588 silly gunzTarPerm extractEntry test/output/case-blocks.html
589 silly gunzTarPerm extractEntry test/output/text-block.html
590 silly gunzTarPerm extractEntry test/output/blocks-in-if.html
591 silly gunzTarPerm extractEntry test/output/text.html
592 silly gunzTarPerm extractEntry test/output/blocks-in-blocks.html
593 silly gunzTarPerm extractEntry test/output/utf8bom.html
594 silly gunzTarPerm extractEntry test/output/blockquote.html
595 silly gunzTarPerm extractEntry test/output/vars.html
596 silly gunzTarPerm extractEntry test/output/block-expansion.shorthands.html
597 silly gunzTarPerm extractEntry test/output/while.html
598 silly gunzTarPerm extractEntry test/output/block-expansion.html
599 silly gunzTarPerm extractEntry test/output/xml.html
600 silly gunzTarPerm extractEntry test/output/block-code.html
601 silly gunzTarPerm extractEntry test/output/yield-before-conditional-head.html
602 silly gunzTarPerm extractEntry test/output/blanks.html
603 silly gunzTarPerm extractEntry test/output/yield-before-conditional.html
604 silly gunzTarPerm extractEntry test/output/basic.html
605 silly gunzTarPerm extractEntry test/output/yield-head.html
606 silly gunzTarPerm extractEntry test/output/attrs.unescaped.html
607 silly gunzTarPerm extractEntry test/output/yield-title-head.html
608 silly gunzTarPerm extractEntry test/output/attrs.js.html
609 silly gunzTarPerm extractEntry test/output/yield-title.html
610 silly gunzTarPerm extractEntry test/output/attrs.html
611 silly gunzTarPerm extractEntry test/output/yield.html
612 silly gunzTarPerm extractEntry test/output/attrs-data.html
613 silly gunzTarPerm extractEntry test/output-es2015/attr.js
614 silly gunzTarPerm extractEntry test/output-es2015/attr.html
615 silly gunzTarPerm extractEntry test/cases/javascript-new-lines.js
616 silly gunzTarPerm extractEntry test/cases/inheritance.extend.mixins.block.html
617 silly gunzTarPerm extractEntry test/cases/attrs.html
618 silly gunzTarPerm extractEntry test/cases/attrs.js.html
619 silly gunzTarPerm extractEntry test/cases/attrs.js.pug
620 silly gunzTarPerm extractEntry test/cases/attrs.pug
621 silly gunzTarPerm extractEntry test/cases/attrs.unescaped.html
622 silly gunzTarPerm extractEntry test/cases/attrs.unescaped.pug
623 silly gunzTarPerm extractEntry test/cases/auxiliary/includable.js
624 silly gunzTarPerm extractEntry test/cases/auxiliary/include-from-root.pug
625 silly gunzTarPerm extractEntry test/cases/auxiliary/blocks-in-blocks-layout.pug
626 silly gunzTarPerm extractEntry test/cases/auxiliary/dialog.pug
627 silly gunzTarPerm extractEntry test/cases/auxiliary/empty-block.pug
628 silly gunzTarPerm extractEntry test/cases/auxiliary/escapes.html
629 silly gunzTarPerm extractEntry test/cases/auxiliary/extends-empty-block-1.pug
630 silly gunzTarPerm extractEntry test/cases/auxiliary/extends-empty-block-2.pug
631 silly gunzTarPerm extractEntry test/cases/auxiliary/extends-from-root.pug
632 silly gunzTarPerm extractEntry test/cases/auxiliary/extends-relative.pug
633 silly gunzTarPerm extractEntry test/cases/auxiliary/filter-in-include.pug
634 silly gunzTarPerm extractEntry test/cases/auxiliary/1794-extends.pug
635 silly gunzTarPerm extractEntry test/cases/auxiliary/1794-include.pug
636 silly gunzTarPerm extractEntry test/cases/auxiliary/inheritance.extend.mixin.block.pug
637 silly gunzTarPerm extractEntry test/cases/auxiliary/inheritance.extend.recursive-grand-grandparent.pug
638 silly gunzTarPerm extractEntry test/cases/auxiliary/inheritance.extend.recursive-grandparent.pug
639 silly gunzTarPerm extractEntry test/cases/auxiliary/inheritance.extend.recursive-parent.pug
640 silly gunzTarPerm extractEntry test/cases/auxiliary/layout.include.pug
641 silly gunzTarPerm extractEntry test/cases/auxiliary/layout.pug
642 silly gunzTarPerm extractEntry test/cases/auxiliary/mixin-at-end-of-file.pug
643 silly gunzTarPerm extractEntry test/cases/auxiliary/mixins.pug
644 silly gunzTarPerm extractEntry test/cases/auxiliary/pet.pug
645 silly gunzTarPerm extractEntry test/cases/auxiliary/smile.html
646 silly gunzTarPerm extractEntry test/cases/auxiliary/window.pug
647 silly gunzTarPerm extractEntry test/cases/auxiliary/yield-nested.pug
648 silly gunzTarPerm extractEntry test/cases/basic.html
649 silly gunzTarPerm extractEntry test/cases/basic.pug
650 silly gunzTarPerm extractEntry test/cases/blanks.html
651 silly gunzTarPerm extractEntry test/cases/blanks.pug
652 silly gunzTarPerm extractEntry test/cases/block-code.html
653 silly gunzTarPerm extractEntry test/cases/block-code.pug
654 silly gunzTarPerm extractEntry test/cases/block-expansion.html
655 silly gunzTarPerm extractEntry test/cases/block-expansion.pug
656 silly gunzTarPerm extractEntry test/cases/block-expansion.shorthands.html
657 silly gunzTarPerm extractEntry test/cases/block-expansion.shorthands.pug
658 silly gunzTarPerm extractEntry test/cases/blockquote.html
659 silly gunzTarPerm extractEntry test/cases/blockquote.pug
660 silly gunzTarPerm extractEntry test/cases/blocks-in-blocks.html
661 silly gunzTarPerm extractEntry test/cases/blocks-in-blocks.pug
662 silly gunzTarPerm extractEntry test/cases/blocks-in-if.html
663 silly gunzTarPerm extractEntry test/cases/blocks-in-if.pug
664 silly gunzTarPerm extractEntry test/cases/case-blocks.html
665 silly gunzTarPerm extractEntry test/cases/case-blocks.pug
666 silly gunzTarPerm extractEntry test/cases/case.html
667 silly gunzTarPerm extractEntry test/cases/case.pug
668 silly gunzTarPerm extractEntry test/cases/classes-empty.html
669 silly gunzTarPerm extractEntry test/cases/classes-empty.pug
670 silly gunzTarPerm extractEntry test/cases/classes.html
671 silly gunzTarPerm extractEntry test/cases/classes.pug
672 silly gunzTarPerm extractEntry test/cases/code.conditionals.html
673 silly gunzTarPerm extractEntry test/cases/code.conditionals.pug
674 silly gunzTarPerm extractEntry test/cases/code.escape.html
675 silly gunzTarPerm extractEntry test/cases/code.escape.pug
676 silly gunzTarPerm extractEntry test/cases/code.html
677 silly gunzTarPerm extractEntry test/cases/code.iteration.html
678 silly gunzTarPerm extractEntry test/cases/code.iteration.pug
679 silly gunzTarPerm extractEntry test/cases/code.pug
680 silly gunzTarPerm extractEntry test/cases/comments-in-case.html
681 silly gunzTarPerm extractEntry test/cases/comments-in-case.pug
682 silly gunzTarPerm extractEntry test/cases/comments.html
683 silly gunzTarPerm extractEntry test/cases/comments.pug
684 silly gunzTarPerm extractEntry test/cases/comments.source.html
685 silly gunzTarPerm extractEntry test/cases/comments.source.pug
686 silly gunzTarPerm extractEntry test/cases/doctype.custom.html
687 silly gunzTarPerm extractEntry test/cases/doctype.custom.pug
688 silly gunzTarPerm extractEntry test/cases/doctype.default.html
689 silly gunzTarPerm extractEntry test/cases/doctype.default.pug
690 silly gunzTarPerm extractEntry test/cases/doctype.keyword.html
691 silly gunzTarPerm extractEntry test/cases/doctype.keyword.pug
692 silly gunzTarPerm extractEntry test/cases/each.else.html
693 silly gunzTarPerm extractEntry test/cases/each.else.pug
694 silly gunzTarPerm extractEntry test/cases/escape-chars.html
695 silly gunzTarPerm extractEntry test/cases/escape-chars.pug
696 silly gunzTarPerm extractEntry test/cases/escape-test.html
697 silly gunzTarPerm extractEntry test/cases/escape-test.pug
698 silly gunzTarPerm extractEntry test/cases/escaping-class-attribute.html
699 silly gunzTarPerm extractEntry test/cases/escaping-class-attribute.pug
700 silly gunzTarPerm extractEntry test/cases/filter-in-include.html
701 silly gunzTarPerm extractEntry test/cases/filter-in-include.pug
702 silly gunzTarPerm extractEntry test/cases/filters-empty.html
703 silly gunzTarPerm extractEntry test/cases/filters-empty.pug
704 silly gunzTarPerm extractEntry test/cases/filters.coffeescript.html
705 silly gunzTarPerm extractEntry test/cases/filters.coffeescript.pug
706 silly gunzTarPerm extractEntry test/cases/filters.custom.html
707 silly gunzTarPerm extractEntry test/cases/filters.custom.pug
708 silly gunzTarPerm extractEntry test/cases/filters.include.custom.html
709 silly gunzTarPerm extractEntry test/cases/filters.include.custom.pug
710 silly gunzTarPerm extractEntry test/cases/filters.include.html
711 silly gunzTarPerm extractEntry test/cases/filters.include.pug
712 silly gunzTarPerm extractEntry test/cases/filters.inline.html
713 silly gunzTarPerm extractEntry test/cases/filters.inline.pug
714 silly gunzTarPerm extractEntry test/cases/filters.less.html
715 silly gunzTarPerm extractEntry test/cases/filters.less.pug
716 silly gunzTarPerm extractEntry test/cases/filters.markdown.html
717 silly gunzTarPerm extractEntry test/cases/filters.markdown.pug
718 silly gunzTarPerm extractEntry test/cases/filters.nested.html
719 silly gunzTarPerm extractEntry test/cases/filters.nested.pug
720 silly gunzTarPerm extractEntry test/cases/filters.stylus.html
721 silly gunzTarPerm extractEntry test/cases/filters.stylus.pug
722 silly gunzTarPerm extractEntry test/cases/html.html
723 silly gunzTarPerm extractEntry test/cases/html.pug
724 silly gunzTarPerm extractEntry test/cases/html5.html
725 silly gunzTarPerm extractEntry test/cases/html5.pug
726 silly gunzTarPerm extractEntry test/cases/include-extends-from-root.html
727 silly gunzTarPerm extractEntry test/cases/include-extends-from-root.pug
728 silly gunzTarPerm extractEntry test/cases/include-extends-of-common-template.html
729 silly gunzTarPerm extractEntry test/cases/include-extends-of-common-template.pug
730 silly gunzTarPerm extractEntry test/cases/include-extends-relative.html
731 silly gunzTarPerm extractEntry test/cases/include-extends-relative.pug
732 silly gunzTarPerm extractEntry test/cases/include-filter-coffee.coffee
733 silly gunzTarPerm extractEntry test/cases/include-only-text-body.html
734 silly gunzTarPerm extractEntry test/cases/include-only-text-body.pug
735 silly gunzTarPerm extractEntry test/cases/include-only-text.html
736 silly gunzTarPerm extractEntry test/cases/include-only-text.pug
737 silly gunzTarPerm extractEntry test/cases/include-with-text-head.html
738 silly gunzTarPerm extractEntry test/cases/include-with-text-head.pug
739 silly gunzTarPerm extractEntry test/cases/include-with-text.html
740 silly gunzTarPerm extractEntry test/cases/include-with-text.pug
741 silly gunzTarPerm extractEntry test/cases/include.script.html
742 silly gunzTarPerm extractEntry test/cases/include.script.pug
743 silly gunzTarPerm extractEntry test/cases/include.yield.nested.html
744 silly gunzTarPerm extractEntry test/cases/include.yield.nested.pug
745 silly gunzTarPerm extractEntry test/cases/includes-with-ext-js.html
746 silly gunzTarPerm extractEntry test/cases/includes-with-ext-js.pug
747 silly gunzTarPerm extractEntry test/cases/includes.html
748 silly gunzTarPerm extractEntry test/cases/includes.pug
749 silly gunzTarPerm extractEntry test/cases/inheritance.alert-dialog.html
750 silly gunzTarPerm extractEntry test/cases/inheritance.alert-dialog.pug
751 silly gunzTarPerm extractEntry test/cases/inheritance.defaults.html
752 silly gunzTarPerm extractEntry test/cases/inheritance.defaults.pug
753 silly gunzTarPerm extractEntry test/cases/inheritance.extend.html
754 silly gunzTarPerm extractEntry test/cases/inheritance.extend.include.html
755 silly gunzTarPerm extractEntry test/cases/inheritance.extend.include.pug
756 silly gunzTarPerm extractEntry test/cases/attrs-data.pug
757 silly gunzTarPerm extractEntry test/cases/inheritance.extend.mixins.block.pug
758 silly gunzTarPerm extractEntry test/cases/inheritance.extend.mixins.html
759 silly gunzTarPerm extractEntry test/cases/inheritance.extend.mixins.pug
760 silly gunzTarPerm extractEntry test/cases/inheritance.extend.pug
761 silly gunzTarPerm extractEntry test/cases/inheritance.extend.recursive.html
762 silly gunzTarPerm extractEntry test/cases/inheritance.extend.recursive.pug
763 silly gunzTarPerm extractEntry test/cases/inheritance.extend.whitespace.html
764 silly gunzTarPerm extractEntry test/cases/inheritance.extend.whitespace.pug
765 silly gunzTarPerm extractEntry test/cases/inheritance.html
766 silly gunzTarPerm extractEntry test/cases/inheritance.pug
767 silly gunzTarPerm extractEntry test/cases/inline-tag.html
768 silly gunzTarPerm extractEntry test/cases/inline-tag.pug
769 silly gunzTarPerm extractEntry test/cases/intepolated-elements.html
770 silly gunzTarPerm extractEntry test/cases/intepolated-elements.pug
771 silly gunzTarPerm extractEntry test/cases/interpolated-mixin.html
772 silly gunzTarPerm extractEntry test/cases/interpolated-mixin.pug
773 silly gunzTarPerm extractEntry test/cases/interpolation.escape.html
774 silly gunzTarPerm extractEntry test/cases/interpolation.escape.pug
775 silly gunzTarPerm extractEntry test/cases/attrs-data.html
776 silly gunzTarPerm extractEntry test/cases/layout.append.html
777 silly gunzTarPerm extractEntry test/cases/layout.append.pug
778 silly gunzTarPerm extractEntry test/cases/layout.append.without-block.html
779 silly gunzTarPerm extractEntry test/cases/layout.append.without-block.pug
780 silly gunzTarPerm extractEntry test/cases/layout.multi.append.prepend.block.html
781 silly gunzTarPerm extractEntry test/cases/layout.multi.append.prepend.block.pug
782 silly gunzTarPerm extractEntry test/cases/layout.prepend.html
783 silly gunzTarPerm extractEntry test/cases/layout.prepend.pug
784 silly gunzTarPerm extractEntry test/cases/layout.prepend.without-block.html
785 silly gunzTarPerm extractEntry test/cases/layout.prepend.without-block.pug
786 silly gunzTarPerm extractEntry test/cases/mixin-at-end-of-file.html
787 silly gunzTarPerm extractEntry test/cases/mixin-at-end-of-file.pug
788 silly gunzTarPerm extractEntry test/cases/mixin-block-with-space.html
789 silly gunzTarPerm extractEntry test/cases/mixin-block-with-space.pug
790 silly gunzTarPerm extractEntry test/cases/mixin-hoist.html
791 silly gunzTarPerm extractEntry test/cases/mixin-hoist.pug
792 silly gunzTarPerm extractEntry test/cases/mixin-via-include.html
793 silly gunzTarPerm extractEntry test/cases/mixin-via-include.pug
794 silly gunzTarPerm extractEntry test/cases/mixin.attrs.html
795 silly gunzTarPerm extractEntry test/cases/mixin.attrs.pug
796 silly gunzTarPerm extractEntry test/cases/mixin.block-tag-behaviour.html
797 silly gunzTarPerm extractEntry test/cases/mixin.block-tag-behaviour.pug
798 silly gunzTarPerm extractEntry test/cases/mixin.blocks.html
799 silly gunzTarPerm extractEntry test/cases/mixin.blocks.pug
800 silly gunzTarPerm extractEntry test/cases/mixin.merge.html
801 silly gunzTarPerm extractEntry test/cases/mixin.merge.pug
802 silly gunzTarPerm extractEntry test/cases/mixins-unused.html
803 silly gunzTarPerm extractEntry test/cases/mixins-unused.pug
804 silly gunzTarPerm extractEntry test/cases/mixins.html
805 silly gunzTarPerm extractEntry test/cases/mixins.pug
806 silly gunzTarPerm extractEntry test/cases/mixins.rest-args.html
807 silly gunzTarPerm extractEntry test/cases/mixins.rest-args.pug
808 silly gunzTarPerm extractEntry test/cases/namespaces.html
809 silly gunzTarPerm extractEntry test/cases/namespaces.pug
810 silly gunzTarPerm extractEntry test/cases/nesting.html
811 silly gunzTarPerm extractEntry test/cases/nesting.pug
812 silly gunzTarPerm extractEntry test/cases/pipeless-comments.html
813 silly gunzTarPerm extractEntry test/cases/pipeless-comments.pug
814 silly gunzTarPerm extractEntry test/cases/pipeless-filters.html
815 silly gunzTarPerm extractEntry test/cases/pipeless-filters.pug
816 silly gunzTarPerm extractEntry test/cases/pipeless-tag.html
817 silly gunzTarPerm extractEntry test/cases/pipeless-tag.pug
818 silly gunzTarPerm extractEntry test/cases/pre.html
819 silly gunzTarPerm extractEntry test/cases/pre.pug
820 silly gunzTarPerm extractEntry test/cases/quotes.html
821 silly gunzTarPerm extractEntry test/cases/quotes.pug
822 silly gunzTarPerm extractEntry test/cases/regression.1794.html
823 silly gunzTarPerm extractEntry test/cases/regression.1794.pug
824 silly gunzTarPerm extractEntry test/cases/regression.784.html
825 silly gunzTarPerm extractEntry test/cases/regression.784.pug
826 silly gunzTarPerm extractEntry test/cases/script.whitespace.html
827 silly gunzTarPerm extractEntry test/cases/script.whitespace.pug
828 silly gunzTarPerm extractEntry test/cases/scripts.html
829 silly gunzTarPerm extractEntry test/cases/scripts.non-js.html
830 silly gunzTarPerm extractEntry test/cases/scripts.non-js.pug
831 silly gunzTarPerm extractEntry test/cases/scripts.pug
832 silly gunzTarPerm extractEntry test/cases/self-closing-html.html
833 silly gunzTarPerm extractEntry test/cases/self-closing-html.pug
834 silly gunzTarPerm extractEntry test/cases/single-period.html
835 silly gunzTarPerm extractEntry test/cases/single-period.pug
836 silly gunzTarPerm extractEntry test/cases/some-included.styl
837 silly gunzTarPerm extractEntry test/cases/some.md
838 silly gunzTarPerm extractEntry test/cases/some.styl
839 silly gunzTarPerm extractEntry test/cases/source.html
840 silly gunzTarPerm extractEntry test/cases/source.pug
841 silly gunzTarPerm extractEntry test/cases/styles.html
842 silly gunzTarPerm extractEntry test/cases/styles.pug
843 silly gunzTarPerm extractEntry test/cases/tag.interpolation.html
844 silly gunzTarPerm extractEntry test/cases/tag.interpolation.pug
845 silly gunzTarPerm extractEntry test/cases/tags.self-closing.html
846 silly gunzTarPerm extractEntry test/cases/tags.self-closing.pug
847 silly gunzTarPerm extractEntry test/cases/template.html
848 silly gunzTarPerm extractEntry test/cases/template.pug
849 silly gunzTarPerm extractEntry test/cases/text-block.html
850 silly gunzTarPerm extractEntry test/cases/text-block.pug
851 silly gunzTarPerm extractEntry test/cases/text.html
852 silly gunzTarPerm extractEntry test/cases/text.pug
853 silly gunzTarPerm extractEntry test/cases/utf8bom.html
854 silly gunzTarPerm extractEntry test/cases/utf8bom.pug
855 silly gunzTarPerm extractEntry test/cases/vars.html
856 silly gunzTarPerm extractEntry test/cases/vars.pug
857 silly gunzTarPerm extractEntry test/cases/while.html
858 silly gunzTarPerm extractEntry test/cases/while.pug
859 silly gunzTarPerm extractEntry test/cases/xml.html
860 silly gunzTarPerm extractEntry test/cases/xml.pug
861 silly gunzTarPerm extractEntry test/cases/yield-before-conditional-head.html
862 silly gunzTarPerm extractEntry test/cases/yield-before-conditional-head.pug
863 silly gunzTarPerm extractEntry test/cases/yield-before-conditional.html
864 silly gunzTarPerm extractEntry test/cases/yield-before-conditional.pug
865 silly gunzTarPerm extractEntry test/cases/yield-head.html
866 silly gunzTarPerm extractEntry test/cases/yield-head.pug
867 silly gunzTarPerm extractEntry test/cases/yield-title-head.html
868 silly gunzTarPerm extractEntry test/cases/yield-title-head.pug
869 silly gunzTarPerm extractEntry test/cases/yield-title.html
870 silly gunzTarPerm extractEntry test/cases/yield-title.pug
871 silly gunzTarPerm extractEntry test/cases/yield.html
872 silly gunzTarPerm extractEntry test/cases/yield.pug
873 silly gunzTarPerm extractEntry test/cases-es2015/attr.html
874 silly gunzTarPerm extractEntry test/cases-es2015/attr.pug
875 silly gunzTarPerm extractEntry test/dependencies/dependency1.pug
876 silly gunzTarPerm extractEntry test/dependencies/dependency2.pug
877 silly gunzTarPerm extractEntry test/dependencies/dependency3.pug
878 silly gunzTarPerm extractEntry test/dependencies/extends1.pug
879 silly gunzTarPerm extractEntry test/dependencies/extends2.pug
880 silly gunzTarPerm extractEntry test/dependencies/include1.pug
881 silly gunzTarPerm extractEntry test/dependencies/include2.pug
882 silly gunzTarPerm extractEntry test/duplicate-block/index.test.js
883 silly gunzTarPerm extractEntry test/duplicate-block/__snapshots__/index.test.js.snap
884 silly gunzTarPerm extractEntry test/duplicate-block/index.pug
885 silly gunzTarPerm extractEntry test/duplicate-block/layout-with-duplicate-block.pug
886 silly gunzTarPerm extractEntry test/temp/input-compileFile.pug
887 silly gunzTarPerm extractEntry test/temp/input-compileFileClient.pug
888 silly gunzTarPerm extractEntry test/temp/input-renderFile.pug
889 silly gunzTarPerm extractEntry test/fixtures/layout.locals.error.pug
890 silly gunzTarPerm extractEntry test/fixtures/append/app-layout.pug
891 silly gunzTarPerm extractEntry test/fixtures/append/layout.pug
892 silly gunzTarPerm extractEntry test/fixtures/append/page.html
893 silly gunzTarPerm extractEntry test/fixtures/append/page.pug
894 silly gunzTarPerm extractEntry test/fixtures/compile.with.include.locals.error.pug
895 silly gunzTarPerm extractEntry test/fixtures/compile.with.include.syntax.error.pug
896 silly gunzTarPerm extractEntry test/fixtures/compile.with.layout.locals.error.pug
897 silly gunzTarPerm extractEntry test/fixtures/compile.with.layout.syntax.error.pug
898 silly gunzTarPerm extractEntry test/fixtures/compile.with.layout.with.include.locals.error.pug
899 silly gunzTarPerm extractEntry test/fixtures/compile.with.layout.with.include.syntax.error.pug
900 silly gunzTarPerm extractEntry test/fixtures/element-with-multiple-attributes.pug
901 silly gunzTarPerm extractEntry test/fixtures/include.locals.error.pug
902 silly gunzTarPerm extractEntry test/fixtures/include.syntax.error.pug
903 silly gunzTarPerm extractEntry test/fixtures/invalid-block-in-extends.pug
904 silly gunzTarPerm extractEntry test/fixtures/issue-1593/include-layout.pug
905 silly gunzTarPerm extractEntry test/fixtures/issue-1593/include.pug
906 silly gunzTarPerm extractEntry test/fixtures/issue-1593/index.pug
907 silly gunzTarPerm extractEntry test/fixtures/issue-1593/layout.pug
908 silly gunzTarPerm extractEntry test/fixtures/append-without-block/app-layout.pug
909 silly gunzTarPerm extractEntry test/fixtures/append-without-block/layout.pug
910 silly gunzTarPerm extractEntry test/fixtures/append-without-block/page.pug
911 silly gunzTarPerm extractEntry test/fixtures/layout.pug
912 silly gunzTarPerm extractEntry test/fixtures/layout.syntax.error.pug
913 silly gunzTarPerm extractEntry test/fixtures/layout.with.runtime.error.pug
914 silly gunzTarPerm extractEntry test/fixtures/mixin-include.pug
915 silly gunzTarPerm extractEntry test/fixtures/mixin.error.pug
916 silly gunzTarPerm extractEntry test/fixtures/multi-append-prepend-block/redefine.pug
917 silly gunzTarPerm extractEntry test/fixtures/multi-append-prepend-block/root.pug
918 silly gunzTarPerm extractEntry test/fixtures/perf.pug
919 silly gunzTarPerm extractEntry test/fixtures/prepend/app-layout.pug
920 silly gunzTarPerm extractEntry test/fixtures/prepend/layout.pug
921 silly gunzTarPerm extractEntry test/fixtures/prepend/page.html
922 silly gunzTarPerm extractEntry test/fixtures/prepend/page.pug
923 silly gunzTarPerm extractEntry test/fixtures/prepend-without-block/app-layout.pug
924 silly gunzTarPerm extractEntry test/fixtures/prepend-without-block/layout.pug
925 silly gunzTarPerm extractEntry test/fixtures/prepend-without-block/page.html
926 silly gunzTarPerm extractEntry test/fixtures/prepend-without-block/page.pug
927 silly gunzTarPerm extractEntry test/fixtures/runtime.error.pug
928 silly gunzTarPerm extractEntry test/fixtures/runtime.layout.error.pug
929 silly gunzTarPerm extractEntry test/fixtures/runtime.with.mixin.error.pug
930 silly gunzTarPerm extractEntry test/fixtures/scripts.pug
931 silly gentlyRm /media/david/UBUNTU 18_0/NextMediaProduction/handlerDispatcherApp/node_modules/.staging/pug-1ed410af/node_modules is being purged
932 verbose gentlyRm don't care about contents; nuking /media/david/UBUNTU 18_0/NextMediaProduction/handlerDispatcherApp/node_modules/.staging/pug-1ed410af/node_modules
933 silly doParallel preinstall 4
934 silly preinstall acorn@3.3.0 /media/david/UBUNTU 18_0/NextMediaProduction/handlerDispatcherApp/node_modules/.staging/acorn-a3c266a3
935 info lifecycle acorn@3.3.0~preinstall: acorn@3.3.0
936 silly preinstall with@5.1.1 /media/david/UBUNTU 18_0/NextMediaProduction/handlerDispatcherApp/node_modules/.staging/with-f5f7505f
937 info lifecycle with@5.1.1~preinstall: with@5.1.1
938 silly preinstall pug-code-gen@1.1.1 /media/david/UBUNTU 18_0/NextMediaProduction/handlerDispatcherApp/node_modules/.staging/pug-code-gen-1ba4317f
939 info lifecycle pug-code-gen@1.1.1~preinstall: pug-code-gen@1.1.1
940 silly preinstall pug@2.0.0-beta11 /media/david/UBUNTU 18_0/NextMediaProduction/handlerDispatcherApp/node_modules/.staging/pug-1ed410af
941 info lifecycle pug@2.0.0-beta11~preinstall: pug@2.0.0-beta11
942 silly lifecycle acorn@3.3.0~preinstall: no script for preinstall, continuing
943 silly lifecycle with@5.1.1~preinstall: no script for preinstall, continuing
944 silly lifecycle pug-code-gen@1.1.1~preinstall: no script for preinstall, continuing
945 silly lifecycle pug@2.0.0-beta11~preinstall: no script for preinstall, continuing
946 silly doReverseSerial remove 0
947 silly doSerial move 0
948 silly doSerial finalize 4
949 silly finalize /media/david/UBUNTU 18_0/NextMediaProduction/handlerDispatcherApp/node_modules/acorn
950 silly finalize /media/david/UBUNTU 18_0/NextMediaProduction/handlerDispatcherApp/node_modules/with
951 silly finalize /media/david/UBUNTU 18_0/NextMediaProduction/handlerDispatcherApp/node_modules/pug-code-gen
952 silly finalize /media/david/UBUNTU 18_0/NextMediaProduction/handlerDispatcherApp/node_modules/pug
953 silly doSerial build 4
954 silly build acorn@3.3.0
955 info linkStuff acorn@3.3.0
956 silly linkStuff acorn@3.3.0 has /media/david/UBUNTU 18_0/NextMediaProduction/handlerDispatcherApp/node_modules as its parent node_modules
957 verbose linkBins acorn@3.3.0
958 verbose link bins [ { acorn: './bin/acorn' },
958 verbose link bins   '/media/david/UBUNTU 18_0/NextMediaProduction/handlerDispatcherApp/node_modules/.bin',
958 verbose link bins   false ]
959 verbose linkMans acorn@3.3.0
960 silly gentlyRm /media/david/UBUNTU 18_0/NextMediaProduction/handlerDispatcherApp/node_modules/.bin/acorn is being purged
961 verbose gentlyRm don't care about contents; nuking /media/david/UBUNTU 18_0/NextMediaProduction/handlerDispatcherApp/node_modules/.bin/acorn
962 verbose unlock done using /home/david/.npm/_locks/staging-3acd082db128149f.lock for /media/david/UBUNTU 18_0/NextMediaProduction/handlerDispatcherApp/node_modules/.staging
963 silly rollbackFailedOptional Starting
964 silly rollbackFailedOptional Finishing
965 silly runTopLevelLifecycles Starting
966 silly runTopLevelLifecycles Finishing
967 silly install printInstalled
968 verbose stack Error: EPERM: operation not permitted, symlink '../acorn/bin/acorn' -> '/media/david/UBUNTU 18_0/NextMediaProduction/handlerDispatcherApp/node_modules/.bin/acorn'
969 verbose cwd /media/david/UBUNTU 18_0/NextMediaProduction/handlerDispatcherApp
970 error Linux 4.15.0-47-generic
971 error argv "/usr/bin/node" "/usr/bin/npm" "i"
972 error node v8.10.0
973 error npm  v3.5.2
974 error path ../acorn/bin/acorn
975 error code EPERM
976 error errno -1
977 error syscall symlink
978 error Error: EPERM: operation not permitted, symlink '../acorn/bin/acorn' -> '/media/david/UBUNTU 18_0/NextMediaProduction/handlerDispatcherApp/node_modules/.bin/acorn'
978 error  { Error: EPERM: operation not permitted, symlink '../acorn/bin/acorn' -> '/media/david/UBUNTU 18_0/NextMediaProduction/handlerDispatcherApp/node_modules/.bin/acorn'
978 error   errno: -1,
978 error   code: 'EPERM',
978 error   syscall: 'symlink',
978 error   path: '../acorn/bin/acorn',
978 error   dest: '/media/david/UBUNTU 18_0/NextMediaProduction/handlerDispatcherApp/node_modules/.bin/acorn',
978 error   parent: 'handler-dispatcher-app' }
979 error Please try running this command again as root/Administrator.
980 verbose exit [ -1, true ]
